11:12:00,803 ERROR ContextLoader - Context initialization failed
org.springframework.beans.factory.BeanCreationException: Error creating bean with name 'dataSourceProd' defined in ServletContext resource [/WEB-INF/applicationContext.xml]: Invocation of init method failed; nested exception is javax.naming.NameNotFoundException: Name jdbc is not bound in this Context
Caused by: 
javax.naming.NameNotFoundException: Name jdbc is not bound in this Context
	at org.apache.naming.NamingContext.lookup(NamingContext.java:770)
	at org.apache.naming.NamingContext.lookup(NamingContext.java:140)
	at org.apache.naming.NamingContext.lookup(NamingContext.java:781)
	at org.apache.naming.NamingContext.lookup(NamingContext.java:140)
	at org.apache.naming.NamingContext.lookup(NamingContext.java:781)
	at org.apache.naming.NamingContext.lookup(NamingContext.java:153)
	at org.apache.naming.SelectorContext.lookup(SelectorContext.java:137)
	at javax.naming.InitialContext.lookup(InitialContext.java:392)
	at org.springframework.jndi.JndiTemplate$1.doInContext(JndiTemplate.java:132)
	at org.springframework.jndi.JndiTemplate.execute(JndiTemplate.java:88)
	at org.springframework.jndi.JndiTemplate.lookup(JndiTemplate.java:130)
	at org.springframework.jndi.JndiTemplate.lookup(JndiTemplate.java:155)
	at org.springframework.jndi.JndiLocatorSupport.lookup(JndiLocatorSupport.java:93)
	at org.springframework.jndi.JndiObjectLocator.lookup(JndiObjectLocator.java:105)
	at org.springframework.jndi.JndiObjectFactoryBean.lookupWithFallback(JndiObjectFactoryBean.java:197)
	at org.springframework.jndi.JndiObjectFactoryBean.afterPropertiesSet(JndiObjectFactoryBean.java:184)
	at org.springframework.beans.factory.support.AbstractAutowireCapableBeanFactory.invokeInitMethods(AbstractAutowireCapableBeanFactory.java:1203)
	at org.springframework.beans.factory.support.AbstractAutowireCapableBeanFactory.initializeBean(AbstractAutowireCapableBeanFactory.java:1172)
	at org.springframework.beans.factory.support.AbstractAutowireCapableBeanFactory.createBean(AbstractAutowireCapableBeanFactory.java:427)
	at org.springframework.beans.factory.support.AbstractBeanFactory$1.getObject(AbstractBeanFactory.java:249)
	at org.springframework.beans.factory.support.DefaultSingletonBeanRegistry.getSingleton(DefaultSingletonBeanRegistry.java:155)
	at org.springframework.beans.factory.support.AbstractBeanFactory.getBean(AbstractBeanFactory.java:246)
	at org.springframework.beans.factory.support.AbstractBeanFactory.getBean(AbstractBeanFactory.java:160)
	at org.springframework.beans.factory.support.DefaultListableBeanFactory.preInstantiateSingletons(DefaultListableBeanFactory.java:285)
	at org.springframework.context.support.AbstractApplicationContext.refresh(AbstractApplicationContext.java:352)
	at org.springframework.web.context.ContextLoader.createWebApplicationContext(ContextLoader.java:246)
	at org.springframework.web.context.ContextLoader.initWebApplicationContext(ContextLoader.java:189)
	at org.springframework.web.context.ContextLoaderListener.contextInitialized(ContextLoaderListener.java:49)
	at org.apache.catalina.core.StandardContext.listenerStart(StandardContext.java:3764)
	at org.apache.catalina.core.StandardContext.start(StandardContext.java:4216)
	at org.apache.catalina.core.ContainerBase.start(ContainerBase.java:1014)
	at org.apache.catalina.core.StandardHost.start(StandardHost.java:736)
	at org.apache.catalina.core.ContainerBase.start(ContainerBase.java:1014)
	at org.apache.catalina.core.StandardEngine.start(StandardEngine.java:443)
	at org.apache.catalina.core.StandardService.start(StandardService.java:448)
	at org.apache.catalina.core.StandardServer.start(StandardServer.java:700)
	at org.apache.catalina.startup.Catalina.start(Catalina.java:552)
	at sun.reflect.NativeMethodAccessorImpl.invoke0(Native Method)
	at sun.reflect.NativeMethodAccessorImpl.invoke(NativeMethodAccessorImpl.java:39)
	at sun.reflect.DelegatingMethodAccessorImpl.invoke(DelegatingMethodAccessorImpl.java:25)
	at java.lang.reflect.Method.invoke(Method.java:597)
	at org.apache.catalina.startup.Bootstrap.start(Bootstrap.java:295)
	at org.apache.catalina.startup.Bootstrap.main(Bootstrap.java:433)
Root cause follows.
javax.naming.NameNotFoundException: Name jdbc is not bound in this Context
	at org.apache.naming.NamingContext.lookup(NamingContext.java:770)
	at org.apache.naming.NamingContext.lookup(NamingContext.java:140)
	at org.apache.naming.NamingContext.lookup(NamingContext.java:781)
	at org.apache.naming.NamingContext.lookup(NamingContext.java:140)
	at org.apache.naming.NamingContext.lookup(NamingContext.java:781)
	at org.apache.naming.NamingContext.lookup(NamingContext.java:153)
	at org.apache.naming.SelectorContext.lookup(SelectorContext.java:137)
	at javax.naming.InitialContext.lookup(InitialContext.java:392)
	at org.springframework.jndi.JndiTemplate$1.doInContext(JndiTemplate.java:132)
	at org.springframework.jndi.JndiTemplate.execute(JndiTemplate.java:88)
	at org.springframework.jndi.JndiTemplate.lookup(JndiTemplate.java:130)
	at org.springframework.jndi.JndiTemplate.lookup(JndiTemplate.java:155)
	at org.springframework.jndi.JndiLocatorSupport.lookup(JndiLocatorSupport.java:93)
	at org.springframework.jndi.JndiObjectLocator.lookup(JndiObjectLocator.java:105)
	at org.springframework.jndi.JndiObjectFactoryBean.lookupWithFallback(JndiObjectFactoryBean.java:197)
	at org.springframework.jndi.JndiObjectFactoryBean.afterPropertiesSet(JndiObjectFactoryBean.java:184)
	at org.springframework.beans.factory.support.AbstractAutowireCapableBeanFactory.invokeInitMethods(AbstractAutowireCapableBeanFactory.java:1203)
	at org.springframework.beans.factory.support.AbstractAutowireCapableBeanFactory.initializeBean(AbstractAutowireCapableBeanFactory.java:1172)
	at org.springframework.beans.factory.support.AbstractAutowireCapableBeanFactory.createBean(AbstractAutowireCapableBeanFactory.java:427)
	at org.springframework.beans.factory.support.AbstractBeanFactory$1.getObject(AbstractBeanFactory.java:249)
	at org.springframework.beans.factory.support.DefaultSingletonBeanRegistry.getSingleton(DefaultSingletonBeanRegistry.java:155)
	at org.springframework.beans.factory.support.AbstractBeanFactory.getBean(AbstractBeanFactory.java:246)
	at org.springframework.beans.factory.support.AbstractBeanFactory.getBean(AbstractBeanFactory.java:160)
	at org.springframework.beans.factory.support.DefaultListableBeanFactory.preInstantiateSingletons(DefaultListableBeanFactory.java:285)
	at org.springframework.context.support.AbstractApplicationContext.refresh(AbstractApplicationContext.java:352)
	at org.springframework.web.context.ContextLoader.createWebApplicationContext(ContextLoader.java:246)
	at org.springframework.web.context.ContextLoader.initWebApplicationContext(ContextLoader.java:189)
	at org.springframework.web.context.ContextLoaderListener.contextInitialized(ContextLoaderListener.java:49)
	at org.apache.catalina.core.StandardContext.listenerStart(StandardContext.java:3764)
	at org.apache.catalina.core.StandardContext.start(StandardContext.java:4216)
	at org.apache.catalina.core.ContainerBase.start(ContainerBase.java:1014)
	at org.apache.catalina.core.StandardHost.start(StandardHost.java:736)
	at org.apache.catalina.core.ContainerBase.start(ContainerBase.java:1014)
	at org.apache.catalina.core.StandardEngine.start(StandardEngine.java:443)
	at org.apache.catalina.core.StandardService.start(StandardService.java:448)
	at org.apache.catalina.core.StandardServer.start(StandardServer.java:700)
	at org.apache.catalina.startup.Catalina.start(Catalina.java:552)
	at sun.reflect.NativeMethodAccessorImpl.invoke0(Native Method)
	at sun.reflect.NativeMethodAccessorImpl.invoke(NativeMethodAccessorImpl.java:39)
	at sun.reflect.DelegatingMethodAccessorImpl.invoke(DelegatingMethodAccessorImpl.java:25)
	at java.lang.reflect.Method.invoke(Method.java:597)
	at org.apache.catalina.startup.Bootstrap.start(Bootstrap.java:295)
	at org.apache.catalina.startup.Bootstrap.main(Bootstrap.java:433)
11:12:00,803 ERROR [/ecf] - Exception sending context initialized event to listener instance of class org.springframework.web.context.ContextLoaderListener
org.springframework.beans.factory.BeanCreationException: Error creating bean with name 'dataSourceProd' defined in ServletContext resource [/WEB-INF/applicationContext.xml]: Invocation of init method failed; nested exception is javax.naming.NameNotFoundException: Name jdbc is not bound in this Context
Caused by: 
javax.naming.NameNotFoundException: Name jdbc is not bound in this Context
	at org.apache.naming.NamingContext.lookup(NamingContext.java:770)
	at org.apache.naming.NamingContext.lookup(NamingContext.java:140)
	at org.apache.naming.NamingContext.lookup(NamingContext.java:781)
	at org.apache.naming.NamingContext.lookup(NamingContext.java:140)
	at org.apache.naming.NamingContext.lookup(NamingContext.java:781)
	at org.apache.naming.NamingContext.lookup(NamingContext.java:153)
	at org.apache.naming.SelectorContext.lookup(SelectorContext.java:137)
	at javax.naming.InitialContext.lookup(InitialContext.java:392)
	at org.springframework.jndi.JndiTemplate$1.doInContext(JndiTemplate.java:132)
	at org.springframework.jndi.JndiTemplate.execute(JndiTemplate.java:88)
	at org.springframework.jndi.JndiTemplate.lookup(JndiTemplate.java:130)
	at org.springframework.jndi.JndiTemplate.lookup(JndiTemplate.java:155)
	at org.springframework.jndi.JndiLocatorSupport.lookup(JndiLocatorSupport.java:93)
	at org.springframework.jndi.JndiObjectLocator.lookup(JndiObjectLocator.java:105)
	at org.springframework.jndi.JndiObjectFactoryBean.lookupWithFallback(JndiObjectFactoryBean.java:197)
	at org.springframework.jndi.JndiObjectFactoryBean.afterPropertiesSet(JndiObjectFactoryBean.java:184)
	at org.springframework.beans.factory.support.AbstractAutowireCapableBeanFactory.invokeInitMethods(AbstractAutowireCapableBeanFactory.java:1203)
	at org.springframework.beans.factory.support.AbstractAutowireCapableBeanFactory.initializeBean(AbstractAutowireCapableBeanFactory.java:1172)
	at org.springframework.beans.factory.support.AbstractAutowireCapableBeanFactory.createBean(AbstractAutowireCapableBeanFactory.java:427)
	at org.springframework.beans.factory.support.AbstractBeanFactory$1.getObject(AbstractBeanFactory.java:249)
	at org.springframework.beans.factory.support.DefaultSingletonBeanRegistry.getSingleton(DefaultSingletonBeanRegistry.java:155)
	at org.springframework.beans.factory.support.AbstractBeanFactory.getBean(AbstractBeanFactory.java:246)
	at org.springframework.beans.factory.support.AbstractBeanFactory.getBean(AbstractBeanFactory.java:160)
	at org.springframework.beans.factory.support.DefaultListableBeanFactory.preInstantiateSingletons(DefaultListableBeanFactory.java:285)
	at org.springframework.context.support.AbstractApplicationContext.refresh(AbstractApplicationContext.java:352)
	at org.springframework.web.context.ContextLoader.createWebApplicationContext(ContextLoader.java:246)
	at org.springframework.web.context.ContextLoader.initWebApplicationContext(ContextLoader.java:189)
	at org.springframework.web.context.ContextLoaderListener.contextInitialized(ContextLoaderListener.java:49)
	at org.apache.catalina.core.StandardContext.listenerStart(StandardContext.java:3764)
	at org.apache.catalina.core.StandardContext.start(StandardContext.java:4216)
	at org.apache.catalina.core.ContainerBase.start(ContainerBase.java:1014)
	at org.apache.catalina.core.StandardHost.start(StandardHost.java:736)
	at org.apache.catalina.core.ContainerBase.start(ContainerBase.java:1014)
	at org.apache.catalina.core.StandardEngine.start(StandardEngine.java:443)
	at org.apache.catalina.core.StandardService.start(StandardService.java:448)
	at org.apache.catalina.core.StandardServer.start(StandardServer.java:700)
	at org.apache.catalina.startup.Catalina.start(Catalina.java:552)
	at sun.reflect.NativeMethodAccessorImpl.invoke0(Native Method)
	at sun.reflect.NativeMethodAccessorImpl.invoke(NativeMethodAccessorImpl.java:39)
	at sun.reflect.DelegatingMethodAccessorImpl.invoke(DelegatingMethodAccessorImpl.java:25)
	at java.lang.reflect.Method.invoke(Method.java:597)
	at org.apache.catalina.startup.Bootstrap.start(Bootstrap.java:295)
	at org.apache.catalina.startup.Bootstrap.main(Bootstrap.java:433)
Root cause follows.
javax.naming.NameNotFoundException: Name jdbc is not bound in this Context
	at org.apache.naming.NamingContext.lookup(NamingContext.java:770)
	at org.apache.naming.NamingContext.lookup(NamingContext.java:140)
	at org.apache.naming.NamingContext.lookup(NamingContext.java:781)
	at org.apache.naming.NamingContext.lookup(NamingContext.java:140)
	at org.apache.naming.NamingContext.lookup(NamingContext.java:781)
	at org.apache.naming.NamingContext.lookup(NamingContext.java:153)
	at org.apache.naming.SelectorContext.lookup(SelectorContext.java:137)
	at javax.naming.InitialContext.lookup(InitialContext.java:392)
	at org.springframework.jndi.JndiTemplate$1.doInContext(JndiTemplate.java:132)
	at org.springframework.jndi.JndiTemplate.execute(JndiTemplate.java:88)
	at org.springframework.jndi.JndiTemplate.lookup(JndiTemplate.java:130)
	at org.springframework.jndi.JndiTemplate.lookup(JndiTemplate.java:155)
	at org.springframework.jndi.JndiLocatorSupport.lookup(JndiLocatorSupport.java:93)
	at org.springframework.jndi.JndiObjectLocator.lookup(JndiObjectLocator.java:105)
	at org.springframework.jndi.JndiObjectFactoryBean.lookupWithFallback(JndiObjectFactoryBean.java:197)
	at org.springframework.jndi.JndiObjectFactoryBean.afterPropertiesSet(JndiObjectFactoryBean.java:184)
	at org.springframework.beans.factory.support.AbstractAutowireCapableBeanFactory.invokeInitMethods(AbstractAutowireCapableBeanFactory.java:1203)
	at org.springframework.beans.factory.support.AbstractAutowireCapableBeanFactory.initializeBean(AbstractAutowireCapableBeanFactory.java:1172)
	at org.springframework.beans.factory.support.AbstractAutowireCapableBeanFactory.createBean(AbstractAutowireCapableBeanFactory.java:427)
	at org.springframework.beans.factory.support.AbstractBeanFactory$1.getObject(AbstractBeanFactory.java:249)
	at org.springframework.beans.factory.support.DefaultSingletonBeanRegistry.getSingleton(DefaultSingletonBeanRegistry.java:155)
	at org.springframework.beans.factory.support.AbstractBeanFactory.getBean(AbstractBeanFactory.java:246)
	at org.springframework.beans.factory.support.AbstractBeanFactory.getBean(AbstractBeanFactory.java:160)
	at org.springframework.beans.factory.support.DefaultListableBeanFactory.preInstantiateSingletons(DefaultListableBeanFactory.java:285)
	at org.springframework.context.support.AbstractApplicationContext.refresh(AbstractApplicationContext.java:352)
	at org.springframework.web.context.ContextLoader.createWebApplicationContext(ContextLoader.java:246)
	at org.springframework.web.context.ContextLoader.initWebApplicationContext(ContextLoader.java:189)
	at org.springframework.web.context.ContextLoaderListener.contextInitialized(ContextLoaderListener.java:49)
	at org.apache.catalina.core.StandardContext.listenerStart(StandardContext.java:3764)
	at org.apache.catalina.core.StandardContext.start(StandardContext.java:4216)
	at org.apache.catalina.core.ContainerBase.start(ContainerBase.java:1014)
	at org.apache.catalina.core.StandardHost.start(StandardHost.java:736)
	at org.apache.catalina.core.ContainerBase.start(ContainerBase.java:1014)
	at org.apache.catalina.core.StandardEngine.start(StandardEngine.java:443)
	at org.apache.catalina.core.StandardService.start(StandardService.java:448)
	at org.apache.catalina.core.StandardServer.start(StandardServer.java:700)
	at org.apache.catalina.startup.Catalina.start(Catalina.java:552)
	at sun.reflect.NativeMethodAccessorImpl.invoke0(Native Method)
	at sun.reflect.NativeMethodAccessorImpl.invoke(NativeMethodAccessorImpl.java:39)
	at sun.reflect.DelegatingMethodAccessorImpl.invoke(DelegatingMethodAccessorImpl.java:25)
	at java.lang.reflect.Method.invoke(Method.java:597)
	at org.apache.catalina.startup.Bootstrap.start(Bootstrap.java:295)
	at org.apache.catalina.startup.Bootstrap.main(Bootstrap.java:433)
11:13:43,038 ERROR JDBCExceptionReporter - Cannot load JDBC driver class '${jdbc.driverClassName}'
11:14:06,085 DEBUG EmployeeFormController - Displaying new form
11:14:06,101  INFO EmployeeFormController - Method that executes before getting to Jsp
11:14:18,069  INFO EmployeeFormController - Updated local.js by calling LDAPClient's main method
11:14:18,069  INFO EmployeeFormController - Getting all the Department names to fill in the Department drop-down field
11:14:18,069  INFO EmployeeFormController - Start getAllDepartments
11:14:18,179 ERROR JDBCExceptionReporter - Cannot load JDBC driver class '${jdbc.driverClassName}'
11:14:18,179 ERROR JDBCExceptionReporter - Cannot load JDBC driver class '${jdbc.driverClassName}'
11:14:18,179 ERROR [action] - Servlet.service() for servlet action threw exception
java.lang.ClassNotFoundException: ${jdbc.driverClassName}
	at java.net.URLClassLoader$1.run(URLClassLoader.java:202)
	at java.security.AccessController.doPrivileged(Native Method)
	at java.net.URLClassLoader.findClass(URLClassLoader.java:190)
	at java.lang.ClassLoader.loadClass(ClassLoader.java:307)
	at java.lang.ClassLoader.loadClass(ClassLoader.java:248)
	at java.lang.Class.forName0(Native Method)
	at java.lang.Class.forName(Class.java:169)
	at org.apache.commons.dbcp.BasicDataSource.createDataSource(BasicDataSource.java:760)
	at org.apache.commons.dbcp.BasicDataSource.getConnection(BasicDataSource.java:540)
	at org.springframework.orm.hibernate3.LocalDataSourceConnectionProvider.getConnection(LocalDataSourceConnectionProvider.java:81)
	at org.hibernate.jdbc.ConnectionManager.openConnection(ConnectionManager.java:298)
	at org.hibernate.jdbc.ConnectionManager.getConnection(ConnectionManager.java:110)
	at org.hibernate.jdbc.JDBCContext.connection(JDBCContext.java:137)
	at org.hibernate.impl.SessionImpl.connection(SessionImpl.java:345)
	at org.springframework.orm.hibernate3.HibernateTransactionManager.doBegin(HibernateTransactionManager.java:456)
	at org.springframework.transaction.support.AbstractPlatformTransactionManager.getTransaction(AbstractPlatformTransactionManager.java:350)
	at org.springframework.transaction.interceptor.TransactionAspectSupport.createTransactionIfNecessary(TransactionAspectSupport.java:262)
	at org.springframework.transaction.interceptor.TransactionInterceptor.invoke(TransactionInterceptor.java:101)
	at org.springframework.aop.framework.ReflectiveMethodInvocation.proceed(ReflectiveMethodInvocation.java:171)
	at org.springframework.aop.framework.JdkDynamicAopProxy.invoke(JdkDynamicAopProxy.java:204)
	at $Proxy1.getAllDepartments(Unknown Source)
	at edu.franklin.eac.web.EmployeeFormController.referenceData(EmployeeFormController.java:98)
	at org.springframework.web.servlet.mvc.SimpleFormController.referenceData(SimpleFormController.java:214)
	at org.springframework.web.servlet.mvc.AbstractFormController.showForm(AbstractFormController.java:574)
	at org.springframework.web.servlet.mvc.SimpleFormController.showForm(SimpleFormController.java:198)
	at org.springframework.web.servlet.mvc.SimpleFormController.showForm(SimpleFormController.java:175)
	at org.springframework.web.servlet.mvc.AbstractFormController.showNewForm(AbstractFormController.java:338)
	at org.springframework.web.servlet.mvc.AbstractFormController.handleRequestInternal(AbstractFormController.java:278)
	at org.springframework.web.servlet.mvc.AbstractController.handleRequest(AbstractController.java:153)
	at org.springframework.web.servlet.mvc.SimpleControllerHandlerAdapter.handle(SimpleControllerHandlerAdapter.java:48)
	at org.springframework.web.servlet.DispatcherServlet.doDispatch(DispatcherServlet.java:859)
	at org.springframework.web.servlet.DispatcherServlet.doService(DispatcherServlet.java:793)
	at org.springframework.web.servlet.FrameworkServlet.processRequest(FrameworkServlet.java:476)
	at org.springframework.web.servlet.FrameworkServlet.doGet(FrameworkServlet.java:431)
	at javax.servlet.http.HttpServlet.service(HttpServlet.java:747)
	at javax.servlet.http.HttpServlet.service(HttpServlet.java:860)
	at org.apache.catalina.core.ApplicationFilterChain.internalDoFilter(ApplicationFilterChain.java:269)
	at org.apache.catalina.core.ApplicationFilterChain.doFilter(ApplicationFilterChain.java:188)
	at org.springframework.security.util.FilterChainProxy$VirtualFilterChain.doFilter(FilterChainProxy.java:378)
	at org.springframework.security.intercept.web.FilterSecurityInterceptor.invoke(FilterSecurityInterceptor.java:109)
	at org.springframework.security.intercept.web.FilterSecurityInterceptor.doFilter(FilterSecurityInterceptor.java:83)
	at org.springframework.security.util.FilterChainProxy$VirtualFilterChain.doFilter(FilterChainProxy.java:390)
	at org.springframework.security.ui.SessionFixationProtectionFilter.doFilterHttp(SessionFixationProtectionFilter.java:67)
	at org.springframework.security.ui.SpringSecurityFilter.doFilter(SpringSecurityFilter.java:53)
	at org.springframework.security.util.FilterChainProxy$VirtualFilterChain.doFilter(FilterChainProxy.java:390)
	at org.springframework.security.ui.ExceptionTranslationFilter.doFilterHttp(ExceptionTranslationFilter.java:101)
	at org.springframework.security.ui.SpringSecurityFilter.doFilter(SpringSecurityFilter.java:53)
	at org.springframework.security.util.FilterChainProxy$VirtualFilterChain.doFilter(FilterChainProxy.java:390)
	at org.springframework.security.providers.anonymous.AnonymousProcessingFilter.doFilterHttp(AnonymousProcessingFilter.java:105)
	at org.springframework.security.ui.SpringSecurityFilter.doFilter(SpringSecurityFilter.java:53)
	at org.springframework.security.util.FilterChainProxy$VirtualFilterChain.doFilter(FilterChainProxy.java:390)
	at org.springframework.security.wrapper.SecurityContextHolderAwareRequestFilter.doFilterHttp(SecurityContextHolderAwareRequestFilter.java:91)
	at org.springframework.security.ui.SpringSecurityFilter.doFilter(SpringSecurityFilter.java:53)
	at org.springframework.security.util.FilterChainProxy$VirtualFilterChain.doFilter(FilterChainProxy.java:390)
	at org.springframework.security.ui.AbstractProcessingFilter.doFilterHttp(AbstractProcessingFilter.java:278)
	at org.springframework.security.ui.SpringSecurityFilter.doFilter(SpringSecurityFilter.java:53)
	at org.springframework.security.util.FilterChainProxy$VirtualFilterChain.doFilter(FilterChainProxy.java:390)
	at org.springframework.security.ui.logout.LogoutFilter.doFilterHttp(LogoutFilter.java:89)
	at org.springframework.security.ui.SpringSecurityFilter.doFilter(SpringSecurityFilter.java:53)
	at org.springframework.security.util.FilterChainProxy$VirtualFilterChain.doFilter(FilterChainProxy.java:390)
	at org.springframework.security.context.HttpSessionContextIntegrationFilter.doFilterHttp(HttpSessionContextIntegrationFilter.java:235)
	at org.springframework.security.ui.SpringSecurityFilter.doFilter(SpringSecurityFilter.java:53)
	at org.springframework.security.util.FilterChainProxy$VirtualFilterChain.doFilter(FilterChainProxy.java:390)
	at org.springframework.security.util.FilterChainProxy.doFilter(FilterChainProxy.java:175)
	at org.springframework.web.filter.DelegatingFilterProxy.invokeDelegate(DelegatingFilterProxy.java:183)
	at org.springframework.web.filter.DelegatingFilterProxy.doFilter(DelegatingFilterProxy.java:138)
	at org.apache.catalina.core.ApplicationFilterChain.internalDoFilter(ApplicationFilterChain.java:215)
	at org.apache.catalina.core.ApplicationFilterChain.doFilter(ApplicationFilterChain.java:188)
	at org.apache.catalina.core.StandardWrapperValve.invoke(StandardWrapperValve.java:210)
	at org.apache.catalina.core.StandardContextValve.invoke(StandardContextValve.java:174)
	at org.apache.catalina.core.StandardHostValve.invoke(StandardHostValve.java:127)
	at org.apache.catalina.valves.ErrorReportValve.invoke(ErrorReportValve.java:117)
	at org.apache.catalina.core.StandardEngineValve.invoke(StandardEngineValve.java:108)
	at org.apache.catalina.connector.CoyoteAdapter.service(CoyoteAdapter.java:151)
	at org.apache.coyote.http11.Http11Processor.process(Http11Processor.java:870)
	at org.apache.coyote.http11.Http11BaseProtocol$Http11ConnectionHandler.processConnection(Http11BaseProtocol.java:665)
	at org.apache.tomcat.util.net.PoolTcpEndpoint.processSocket(PoolTcpEndpoint.java:528)
	at org.apache.tomcat.util.net.LeaderFollowerWorkerThread.runIt(LeaderFollowerWorkerThread.java:81)
	at org.apache.tomcat.util.threads.ThreadPool$ControlRunnable.run(ThreadPool.java:685)
	at java.lang.Thread.run(Thread.java:619)
11:26:44,527 ERROR JDBCExceptionReporter - Cannot load JDBC driver class '${jdbc.driverClassName}'
11:26:55,918 DEBUG EmployeeFormController - Displaying new form
11:26:55,934  INFO EmployeeFormController - Method that executes before getting to Jsp
11:27:15,434  INFO EmployeeFormController - Updated local.js by calling LDAPClient's main method
11:27:15,434  INFO EmployeeFormController - Getting all the Department names to fill in the Department drop-down field
11:27:15,434  INFO EmployeeFormController - Start getAllDepartments
11:27:15,465 ERROR JDBCExceptionReporter - Cannot load JDBC driver class '${jdbc.driverClassName}'
11:27:15,465 ERROR JDBCExceptionReporter - Cannot load JDBC driver class '${jdbc.driverClassName}'
11:27:15,481 ERROR [action] - Servlet.service() for servlet action threw exception
java.lang.ClassNotFoundException: ${jdbc.driverClassName}
	at java.net.URLClassLoader$1.run(URLClassLoader.java:202)
	at java.security.AccessController.doPrivileged(Native Method)
	at java.net.URLClassLoader.findClass(URLClassLoader.java:190)
	at java.lang.ClassLoader.loadClass(ClassLoader.java:307)
	at java.lang.ClassLoader.loadClass(ClassLoader.java:248)
	at java.lang.Class.forName0(Native Method)
	at java.lang.Class.forName(Class.java:169)
	at org.apache.commons.dbcp.BasicDataSource.createDataSource(BasicDataSource.java:760)
	at org.apache.commons.dbcp.BasicDataSource.getConnection(BasicDataSource.java:540)
	at org.springframework.orm.hibernate3.LocalDataSourceConnectionProvider.getConnection(LocalDataSourceConnectionProvider.java:81)
	at org.hibernate.jdbc.ConnectionManager.openConnection(ConnectionManager.java:298)
	at org.hibernate.jdbc.ConnectionManager.getConnection(ConnectionManager.java:110)
	at org.hibernate.jdbc.JDBCContext.connection(JDBCContext.java:137)
	at org.hibernate.impl.SessionImpl.connection(SessionImpl.java:345)
	at org.springframework.orm.hibernate3.HibernateTransactionManager.doBegin(HibernateTransactionManager.java:456)
	at org.springframework.transaction.support.AbstractPlatformTransactionManager.getTransaction(AbstractPlatformTransactionManager.java:350)
	at org.springframework.transaction.interceptor.TransactionAspectSupport.createTransactionIfNecessary(TransactionAspectSupport.java:262)
	at org.springframework.transaction.interceptor.TransactionInterceptor.invoke(TransactionInterceptor.java:101)
	at org.springframework.aop.framework.ReflectiveMethodInvocation.proceed(ReflectiveMethodInvocation.java:171)
	at org.springframework.aop.framework.JdkDynamicAopProxy.invoke(JdkDynamicAopProxy.java:204)
	at $Proxy1.getAllDepartments(Unknown Source)
	at edu.franklin.eac.web.EmployeeFormController.referenceData(EmployeeFormController.java:98)
	at org.springframework.web.servlet.mvc.SimpleFormController.referenceData(SimpleFormController.java:214)
	at org.springframework.web.servlet.mvc.AbstractFormController.showForm(AbstractFormController.java:574)
	at org.springframework.web.servlet.mvc.SimpleFormController.showForm(SimpleFormController.java:198)
	at org.springframework.web.servlet.mvc.SimpleFormController.showForm(SimpleFormController.java:175)
	at org.springframework.web.servlet.mvc.AbstractFormController.showNewForm(AbstractFormController.java:338)
	at org.springframework.web.servlet.mvc.AbstractFormController.handleRequestInternal(AbstractFormController.java:278)
	at org.springframework.web.servlet.mvc.AbstractController.handleRequest(AbstractController.java:153)
	at org.springframework.web.servlet.mvc.SimpleControllerHandlerAdapter.handle(SimpleControllerHandlerAdapter.java:48)
	at org.springframework.web.servlet.DispatcherServlet.doDispatch(DispatcherServlet.java:859)
	at org.springframework.web.servlet.DispatcherServlet.doService(DispatcherServlet.java:793)
	at org.springframework.web.servlet.FrameworkServlet.processRequest(FrameworkServlet.java:476)
	at org.springframework.web.servlet.FrameworkServlet.doGet(FrameworkServlet.java:431)
	at javax.servlet.http.HttpServlet.service(HttpServlet.java:747)
	at javax.servlet.http.HttpServlet.service(HttpServlet.java:860)
	at org.apache.catalina.core.ApplicationFilterChain.internalDoFilter(ApplicationFilterChain.java:269)
	at org.apache.catalina.core.ApplicationFilterChain.doFilter(ApplicationFilterChain.java:188)
	at org.springframework.security.util.FilterChainProxy$VirtualFilterChain.doFilter(FilterChainProxy.java:378)
	at org.springframework.security.intercept.web.FilterSecurityInterceptor.invoke(FilterSecurityInterceptor.java:109)
	at org.springframework.security.intercept.web.FilterSecurityInterceptor.doFilter(FilterSecurityInterceptor.java:83)
	at org.springframework.security.util.FilterChainProxy$VirtualFilterChain.doFilter(FilterChainProxy.java:390)
	at org.springframework.security.ui.SessionFixationProtectionFilter.doFilterHttp(SessionFixationProtectionFilter.java:67)
	at org.springframework.security.ui.SpringSecurityFilter.doFilter(SpringSecurityFilter.java:53)
	at org.springframework.security.util.FilterChainProxy$VirtualFilterChain.doFilter(FilterChainProxy.java:390)
	at org.springframework.security.ui.ExceptionTranslationFilter.doFilterHttp(ExceptionTranslationFilter.java:101)
	at org.springframework.security.ui.SpringSecurityFilter.doFilter(SpringSecurityFilter.java:53)
	at org.springframework.security.util.FilterChainProxy$VirtualFilterChain.doFilter(FilterChainProxy.java:390)
	at org.springframework.security.providers.anonymous.AnonymousProcessingFilter.doFilterHttp(AnonymousProcessingFilter.java:105)
	at org.springframework.security.ui.SpringSecurityFilter.doFilter(SpringSecurityFilter.java:53)
	at org.springframework.security.util.FilterChainProxy$VirtualFilterChain.doFilter(FilterChainProxy.java:390)
	at org.springframework.security.wrapper.SecurityContextHolderAwareRequestFilter.doFilterHttp(SecurityContextHolderAwareRequestFilter.java:91)
	at org.springframework.security.ui.SpringSecurityFilter.doFilter(SpringSecurityFilter.java:53)
	at org.springframework.security.util.FilterChainProxy$VirtualFilterChain.doFilter(FilterChainProxy.java:390)
	at org.springframework.security.ui.AbstractProcessingFilter.doFilterHttp(AbstractProcessingFilter.java:278)
	at org.springframework.security.ui.SpringSecurityFilter.doFilter(SpringSecurityFilter.java:53)
	at org.springframework.security.util.FilterChainProxy$VirtualFilterChain.doFilter(FilterChainProxy.java:390)
	at org.springframework.security.ui.logout.LogoutFilter.doFilterHttp(LogoutFilter.java:89)
	at org.springframework.security.ui.SpringSecurityFilter.doFilter(SpringSecurityFilter.java:53)
	at org.springframework.security.util.FilterChainProxy$VirtualFilterChain.doFilter(FilterChainProxy.java:390)
	at org.springframework.security.context.HttpSessionContextIntegrationFilter.doFilterHttp(HttpSessionContextIntegrationFilter.java:235)
	at org.springframework.security.ui.SpringSecurityFilter.doFilter(SpringSecurityFilter.java:53)
	at org.springframework.security.util.FilterChainProxy$VirtualFilterChain.doFilter(FilterChainProxy.java:390)
	at org.springframework.security.util.FilterChainProxy.doFilter(FilterChainProxy.java:175)
	at org.springframework.web.filter.DelegatingFilterProxy.invokeDelegate(DelegatingFilterProxy.java:183)
	at org.springframework.web.filter.DelegatingFilterProxy.doFilter(DelegatingFilterProxy.java:138)
	at org.apache.catalina.core.ApplicationFilterChain.internalDoFilter(ApplicationFilterChain.java:215)
	at org.apache.catalina.core.ApplicationFilterChain.doFilter(ApplicationFilterChain.java:188)
	at org.apache.catalina.core.StandardWrapperValve.invoke(StandardWrapperValve.java:210)
	at org.apache.catalina.core.StandardContextValve.invoke(StandardContextValve.java:174)
	at org.apache.catalina.core.StandardHostValve.invoke(StandardHostValve.java:127)
	at org.apache.catalina.valves.ErrorReportValve.invoke(ErrorReportValve.java:117)
	at org.apache.catalina.core.StandardEngineValve.invoke(StandardEngineValve.java:108)
	at org.apache.catalina.connector.CoyoteAdapter.service(CoyoteAdapter.java:151)
	at org.apache.coyote.http11.Http11Processor.process(Http11Processor.java:870)
	at org.apache.coyote.http11.Http11BaseProtocol$Http11ConnectionHandler.processConnection(Http11BaseProtocol.java:665)
	at org.apache.tomcat.util.net.PoolTcpEndpoint.processSocket(PoolTcpEndpoint.java:528)
	at org.apache.tomcat.util.net.LeaderFollowerWorkerThread.runIt(LeaderFollowerWorkerThread.java:81)
	at org.apache.tomcat.util.threads.ThreadPool$ControlRunnable.run(ThreadPool.java:685)
	at java.lang.Thread.run(Thread.java:619)
11:32:28,264 DEBUG EmployeeFormController - Displaying new form
11:32:28,826  INFO EmployeeFormController - Method that executes before getting to Jsp
11:32:49,858  INFO EmployeeFormController - Updated local.js by calling LDAPClient's main method
11:32:49,858  INFO EmployeeFormController - Getting all the Department names to fill in the Department drop-down field
11:32:49,858  INFO EmployeeFormController - Start getAllDepartments
11:32:50,858  INFO EmployeeFormController - getAllDepartments Success
11:42:01,814 ERROR ContextLoader - Context initialization failed
org.springframework.beans.factory.BeanCreationException: Error creating bean with name 'sessionFactory' defined in ServletContext resource [/WEB-INF/applicationContext.xml]: Invocation of init method failed; nested exception is java.lang.NullPointerException
Caused by: 
java.lang.NullPointerException
	at org.apache.log4j.Category.log(Category.java:1163)
	at org.apache.log4j.Category.log(Category.java:1177)
	at org.apache.commons.logging.impl.Log4JLogger.trace(Log4JLogger.java:152)
	at org.hibernate.exception.SQLExceptionConverterFactory.buildSQLExceptionConverter(SQLExceptionConverterFactory.java:52)
	at org.hibernate.cfg.SettingsFactory.buildSettings(SettingsFactory.java:246)
	at org.hibernate.cfg.Configuration.buildSettings(Configuration.java:1463)
	at org.hibernate.cfg.Configuration.buildSessionFactory(Configuration.java:1004)
	at org.springframework.orm.hibernate3.LocalSessionFactoryBean.newSessionFactory(LocalSessionFactoryBean.java:805)
	at org.springframework.orm.hibernate3.LocalSessionFactoryBean.buildSessionFactory(LocalSessionFactoryBean.java:745)
	at org.springframework.orm.hibernate3.AbstractSessionFactoryBean.afterPropertiesSet(AbstractSessionFactoryBean.java:134)
	at org.springframework.beans.factory.support.AbstractAutowireCapableBeanFactory.invokeInitMethods(AbstractAutowireCapableBeanFactory.java:1203)
	at org.springframework.beans.factory.support.AbstractAutowireCapableBeanFactory.initializeBean(AbstractAutowireCapableBeanFactory.java:1172)
	at org.springframework.beans.factory.support.AbstractAutowireCapableBeanFactory.createBean(AbstractAutowireCapableBeanFactory.java:427)
	at org.springframework.beans.factory.support.AbstractBeanFactory$1.getObject(AbstractBeanFactory.java:249)
	at org.springframework.beans.factory.support.DefaultSingletonBeanRegistry.getSingleton(DefaultSingletonBeanRegistry.java:155)
	at org.springframework.beans.factory.support.AbstractBeanFactory.getBean(AbstractBeanFactory.java:246)
	at org.springframework.beans.factory.support.AbstractBeanFactory.getBean(AbstractBeanFactory.java:160)
	at org.springframework.beans.factory.support.DefaultListableBeanFactory.preInstantiateSingletons(DefaultListableBeanFactory.java:285)
	at org.springframework.context.support.AbstractApplicationContext.refresh(AbstractApplicationContext.java:352)
	at org.springframework.web.context.ContextLoader.createWebApplicationContext(ContextLoader.java:246)
	at org.springframework.web.context.ContextLoader.initWebApplicationContext(ContextLoader.java:189)
	at org.springframework.web.context.ContextLoaderListener.contextInitialized(ContextLoaderListener.java:49)
	at org.apache.catalina.core.StandardContext.listenerStart(StandardContext.java:3764)
	at org.apache.catalina.core.StandardContext.start(StandardContext.java:4216)
	at org.apache.catalina.core.StandardContext.reload(StandardContext.java:3025)
	at org.apache.catalina.loader.WebappLoader.backgroundProcess(WebappLoader.java:432)
	at org.apache.catalina.core.ContainerBase.backgroundProcess(ContainerBase.java:1278)
	at org.apache.catalina.core.ContainerBase$ContainerBackgroundProcessor.processChildren(ContainerBase.java:1570)
	at org.apache.catalina.core.ContainerBase$ContainerBackgroundProcessor.processChildren(ContainerBase.java:1579)
	at org.apache.catalina.core.ContainerBase$ContainerBackgroundProcessor.processChildren(ContainerBase.java:1579)
	at org.apache.catalina.core.ContainerBase$ContainerBackgroundProcessor.run(ContainerBase.java:1559)
	at java.lang.Thread.run(Thread.java:619)
Root cause follows.
java.lang.NullPointerException
	at org.apache.log4j.Category.log(Category.java:1163)
	at org.apache.log4j.Category.log(Category.java:1177)
	at org.apache.commons.logging.impl.Log4JLogger.trace(Log4JLogger.java:152)
	at org.hibernate.exception.SQLExceptionConverterFactory.buildSQLExceptionConverter(SQLExceptionConverterFactory.java:52)
	at org.hibernate.cfg.SettingsFactory.buildSettings(SettingsFactory.java:246)
	at org.hibernate.cfg.Configuration.buildSettings(Configuration.java:1463)
	at org.hibernate.cfg.Configuration.buildSessionFactory(Configuration.java:1004)
	at org.springframework.orm.hibernate3.LocalSessionFactoryBean.newSessionFactory(LocalSessionFactoryBean.java:805)
	at org.springframework.orm.hibernate3.LocalSessionFactoryBean.buildSessionFactory(LocalSessionFactoryBean.java:745)
	at org.springframework.orm.hibernate3.AbstractSessionFactoryBean.afterPropertiesSet(AbstractSessionFactoryBean.java:134)
	at org.springframework.beans.factory.support.AbstractAutowireCapableBeanFactory.invokeInitMethods(AbstractAutowireCapableBeanFactory.java:1203)
	at org.springframework.beans.factory.support.AbstractAutowireCapableBeanFactory.initializeBean(AbstractAutowireCapableBeanFactory.java:1172)
	at org.springframework.beans.factory.support.AbstractAutowireCapableBeanFactory.createBean(AbstractAutowireCapableBeanFactory.java:427)
	at org.springframework.beans.factory.support.AbstractBeanFactory$1.getObject(AbstractBeanFactory.java:249)
	at org.springframework.beans.factory.support.DefaultSingletonBeanRegistry.getSingleton(DefaultSingletonBeanRegistry.java:155)
	at org.springframework.beans.factory.support.AbstractBeanFactory.getBean(AbstractBeanFactory.java:246)
	at org.springframework.beans.factory.support.AbstractBeanFactory.getBean(AbstractBeanFactory.java:160)
	at org.springframework.beans.factory.support.DefaultListableBeanFactory.preInstantiateSingletons(DefaultListableBeanFactory.java:285)
	at org.springframework.context.support.AbstractApplicationContext.refresh(AbstractApplicationContext.java:352)
	at org.springframework.web.context.ContextLoader.createWebApplicationContext(ContextLoader.java:246)
	at org.springframework.web.context.ContextLoader.initWebApplicationContext(ContextLoader.java:189)
	at org.springframework.web.context.ContextLoaderListener.contextInitialized(ContextLoaderListener.java:49)
	at org.apache.catalina.core.StandardContext.listenerStart(StandardContext.java:3764)
	at org.apache.catalina.core.StandardContext.start(StandardContext.java:4216)
	at org.apache.catalina.core.StandardContext.reload(StandardContext.java:3025)
	at org.apache.catalina.loader.WebappLoader.backgroundProcess(WebappLoader.java:432)
	at org.apache.catalina.core.ContainerBase.backgroundProcess(ContainerBase.java:1278)
	at org.apache.catalina.core.ContainerBase$ContainerBackgroundProcessor.processChildren(ContainerBase.java:1570)
	at org.apache.catalina.core.ContainerBase$ContainerBackgroundProcessor.processChildren(ContainerBase.java:1579)
	at org.apache.catalina.core.ContainerBase$ContainerBackgroundProcessor.processChildren(ContainerBase.java:1579)
	at org.apache.catalina.core.ContainerBase$ContainerBackgroundProcessor.run(ContainerBase.java:1559)
	at java.lang.Thread.run(Thread.java:619)
11:42:01,814 ERROR [/ecf] - Exception sending context initialized event to listener instance of class org.springframework.web.context.ContextLoaderListener
org.springframework.beans.factory.BeanCreationException: Error creating bean with name 'sessionFactory' defined in ServletContext resource [/WEB-INF/applicationContext.xml]: Invocation of init method failed; nested exception is java.lang.NullPointerException
Caused by: 
java.lang.NullPointerException
	at org.apache.log4j.Category.log(Category.java:1163)
	at org.apache.log4j.Category.log(Category.java:1177)
	at org.apache.commons.logging.impl.Log4JLogger.trace(Log4JLogger.java:152)
	at org.hibernate.exception.SQLExceptionConverterFactory.buildSQLExceptionConverter(SQLExceptionConverterFactory.java:52)
	at org.hibernate.cfg.SettingsFactory.buildSettings(SettingsFactory.java:246)
	at org.hibernate.cfg.Configuration.buildSettings(Configuration.java:1463)
	at org.hibernate.cfg.Configuration.buildSessionFactory(Configuration.java:1004)
	at org.springframework.orm.hibernate3.LocalSessionFactoryBean.newSessionFactory(LocalSessionFactoryBean.java:805)
	at org.springframework.orm.hibernate3.LocalSessionFactoryBean.buildSessionFactory(LocalSessionFactoryBean.java:745)
	at org.springframework.orm.hibernate3.AbstractSessionFactoryBean.afterPropertiesSet(AbstractSessionFactoryBean.java:134)
	at org.springframework.beans.factory.support.AbstractAutowireCapableBeanFactory.invokeInitMethods(AbstractAutowireCapableBeanFactory.java:1203)
	at org.springframework.beans.factory.support.AbstractAutowireCapableBeanFactory.initializeBean(AbstractAutowireCapableBeanFactory.java:1172)
	at org.springframework.beans.factory.support.AbstractAutowireCapableBeanFactory.createBean(AbstractAutowireCapableBeanFactory.java:427)
	at org.springframework.beans.factory.support.AbstractBeanFactory$1.getObject(AbstractBeanFactory.java:249)
	at org.springframework.beans.factory.support.DefaultSingletonBeanRegistry.getSingleton(DefaultSingletonBeanRegistry.java:155)
	at org.springframework.beans.factory.support.AbstractBeanFactory.getBean(AbstractBeanFactory.java:246)
	at org.springframework.beans.factory.support.AbstractBeanFactory.getBean(AbstractBeanFactory.java:160)
	at org.springframework.beans.factory.support.DefaultListableBeanFactory.preInstantiateSingletons(DefaultListableBeanFactory.java:285)
	at org.springframework.context.support.AbstractApplicationContext.refresh(AbstractApplicationContext.java:352)
	at org.springframework.web.context.ContextLoader.createWebApplicationContext(ContextLoader.java:246)
	at org.springframework.web.context.ContextLoader.initWebApplicationContext(ContextLoader.java:189)
	at org.springframework.web.context.ContextLoaderListener.contextInitialized(ContextLoaderListener.java:49)
	at org.apache.catalina.core.StandardContext.listenerStart(StandardContext.java:3764)
	at org.apache.catalina.core.StandardContext.start(StandardContext.java:4216)
	at org.apache.catalina.core.StandardContext.reload(StandardContext.java:3025)
	at org.apache.catalina.loader.WebappLoader.backgroundProcess(WebappLoader.java:432)
	at org.apache.catalina.core.ContainerBase.backgroundProcess(ContainerBase.java:1278)
	at org.apache.catalina.core.ContainerBase$ContainerBackgroundProcessor.processChildren(ContainerBase.java:1570)
	at org.apache.catalina.core.ContainerBase$ContainerBackgroundProcessor.processChildren(ContainerBase.java:1579)
	at org.apache.catalina.core.ContainerBase$ContainerBackgroundProcessor.processChildren(ContainerBase.java:1579)
	at org.apache.catalina.core.ContainerBase$ContainerBackgroundProcessor.run(ContainerBase.java:1559)
	at java.lang.Thread.run(Thread.java:619)
Root cause follows.
java.lang.NullPointerException
	at org.apache.log4j.Category.log(Category.java:1163)
	at org.apache.log4j.Category.log(Category.java:1177)
	at org.apache.commons.logging.impl.Log4JLogger.trace(Log4JLogger.java:152)
	at org.hibernate.exception.SQLExceptionConverterFactory.buildSQLExceptionConverter(SQLExceptionConverterFactory.java:52)
	at org.hibernate.cfg.SettingsFactory.buildSettings(SettingsFactory.java:246)
	at org.hibernate.cfg.Configuration.buildSettings(Configuration.java:1463)
	at org.hibernate.cfg.Configuration.buildSessionFactory(Configuration.java:1004)
	at org.springframework.orm.hibernate3.LocalSessionFactoryBean.newSessionFactory(LocalSessionFactoryBean.java:805)
	at org.springframework.orm.hibernate3.LocalSessionFactoryBean.buildSessionFactory(LocalSessionFactoryBean.java:745)
	at org.springframework.orm.hibernate3.AbstractSessionFactoryBean.afterPropertiesSet(AbstractSessionFactoryBean.java:134)
	at org.springframework.beans.factory.support.AbstractAutowireCapableBeanFactory.invokeInitMethods(AbstractAutowireCapableBeanFactory.java:1203)
	at org.springframework.beans.factory.support.AbstractAutowireCapableBeanFactory.initializeBean(AbstractAutowireCapableBeanFactory.java:1172)
	at org.springframework.beans.factory.support.AbstractAutowireCapableBeanFactory.createBean(AbstractAutowireCapableBeanFactory.java:427)
	at org.springframework.beans.factory.support.AbstractBeanFactory$1.getObject(AbstractBeanFactory.java:249)
	at org.springframework.beans.factory.support.DefaultSingletonBeanRegistry.getSingleton(DefaultSingletonBeanRegistry.java:155)
	at org.springframework.beans.factory.support.AbstractBeanFactory.getBean(AbstractBeanFactory.java:246)
	at org.springframework.beans.factory.support.AbstractBeanFactory.getBean(AbstractBeanFactory.java:160)
	at org.springframework.beans.factory.support.DefaultListableBeanFactory.preInstantiateSingletons(DefaultListableBeanFactory.java:285)
	at org.springframework.context.support.AbstractApplicationContext.refresh(AbstractApplicationContext.java:352)
	at org.springframework.web.context.ContextLoader.createWebApplicationContext(ContextLoader.java:246)
	at org.springframework.web.context.ContextLoader.initWebApplicationContext(ContextLoader.java:189)
	at org.springframework.web.context.ContextLoaderListener.contextInitialized(ContextLoaderListener.java:49)
	at org.apache.catalina.core.StandardContext.listenerStart(StandardContext.java:3764)
	at org.apache.catalina.core.StandardContext.start(StandardContext.java:4216)
	at org.apache.catalina.core.StandardContext.reload(StandardContext.java:3025)
	at org.apache.catalina.loader.WebappLoader.backgroundProcess(WebappLoader.java:432)
	at org.apache.catalina.core.ContainerBase.backgroundProcess(ContainerBase.java:1278)
	at org.apache.catalina.core.ContainerBase$ContainerBackgroundProcessor.processChildren(ContainerBase.java:1570)
	at org.apache.catalina.core.ContainerBase$ContainerBackgroundProcessor.processChildren(ContainerBase.java:1579)
	at org.apache.catalina.core.ContainerBase$ContainerBackgroundProcessor.processChildren(ContainerBase.java:1579)
	at org.apache.catalina.core.ContainerBase$ContainerBackgroundProcessor.run(ContainerBase.java:1559)
	at java.lang.Thread.run(Thread.java:619)
11:42:40,924 DEBUG EmployeeUpdateFormController - Displaying new form
11:42:40,940  INFO EmployeeUpdateFormController - Method that executes before getting to Jsp
11:42:40,940  INFO EmployeeUpdateFormController - Updating local.js in all the 3 places
11:42:47,940  INFO EmployeeUpdateFormController - Getting all the building and their corresponding rooms information to fill in the form
11:42:47,940  INFO EmployeeUpdateFormController - Start getAllBuildings
11:42:48,205  INFO EmployeeUpdateFormController - getAllBuildings Success
11:42:48,205  INFO EmployeeUpdateFormController - Start of while loop for getAllRoomsFromLocationByBuildingId for each building
11:42:49,299  INFO EmployeeUpdateFormController - End of while loop for getAllRoomsFromLocationByBuildingId for each building
11:42:49,299  INFO EmployeeUpdateFormController - employeeUsername: null
11:42:49,299  INFO EmployeeUpdateFormController - supervisorUsername: null
11:42:53,768 DEBUG EmployeeUpdateFormController - Displaying new form
11:42:53,768  INFO EmployeeUpdateFormController - Method that executes before getting to Jsp
11:42:53,768  INFO EmployeeUpdateFormController - Updating local.js in all the 3 places
11:43:00,471  INFO EmployeeUpdateFormController - Getting all the building and their corresponding rooms information to fill in the form
11:43:00,471  INFO EmployeeUpdateFormController - Start getAllBuildings
11:43:00,487  INFO EmployeeUpdateFormController - getAllBuildings Success
11:43:00,487  INFO EmployeeUpdateFormController - Start of while loop for getAllRoomsFromLocationByBuildingId for each building
11:43:01,737  INFO EmployeeUpdateFormController - End of while loop for getAllRoomsFromLocationByBuildingId for each building
11:43:01,737  INFO EmployeeUpdateFormController - employeeUsername: null
11:43:01,737  INFO EmployeeUpdateFormController - supervisorUsername: null
11:43:30,581 DEBUG EmployeeUpdateFormController - Displaying new form
11:43:30,581  INFO EmployeeUpdateFormController - Method that executes before getting to Jsp
11:43:30,581  INFO EmployeeUpdateFormController - Updating local.js in all the 3 places
11:43:51,299  INFO EmployeeUpdateFormController - Getting all the building and their corresponding rooms information to fill in the form
11:43:51,299  INFO EmployeeUpdateFormController - Start getAllBuildings
11:43:51,315  INFO EmployeeUpdateFormController - getAllBuildings Success
11:43:51,315  INFO EmployeeUpdateFormController - Start of while loop for getAllRoomsFromLocationByBuildingId for each building
11:43:52,315  INFO EmployeeUpdateFormController - End of while loop for getAllRoomsFromLocationByBuildingId for each building
11:43:52,315  INFO EmployeeUpdateFormController - employeeUsername: null
11:43:52,315  INFO EmployeeUpdateFormController - supervisorUsername: null
11:44:08,909 DEBUG EmployeeUpdateFormController - Displaying new form
11:44:08,909  INFO EmployeeUpdateFormController - Method that executes before getting to Jsp
11:44:08,909  INFO EmployeeUpdateFormController - Updating local.js in all the 3 places
11:44:15,675  INFO EmployeeUpdateFormController - Getting all the building and their corresponding rooms information to fill in the form
11:44:15,675  INFO EmployeeUpdateFormController - Start getAllBuildings
11:44:15,675  INFO EmployeeUpdateFormController - getAllBuildings Success
11:44:15,675  INFO EmployeeUpdateFormController - Start of while loop for getAllRoomsFromLocationByBuildingId for each building
11:44:16,675  INFO EmployeeUpdateFormController - End of while loop for getAllRoomsFromLocationByBuildingId for each building
11:44:16,675  INFO EmployeeUpdateFormController - employeeUsername: null
11:44:16,675  INFO EmployeeUpdateFormController - supervisorUsername: null
11:51:05,490 DEBUG EmployeeUpdateFormController - Displaying new form
11:51:05,599  INFO EmployeeUpdateFormController - Method that executes before getting to Jsp
11:51:05,599  INFO EmployeeUpdateFormController - Updating local.js in all the 3 places
11:51:12,177  INFO EmployeeUpdateFormController - Getting all the building and their corresponding rooms information to fill in the form
11:51:12,177  INFO EmployeeUpdateFormController - Start getAllBuildings
11:51:12,349  INFO EmployeeUpdateFormController - getAllBuildings Success
11:51:12,349  INFO EmployeeUpdateFormController - Start of while loop for getAllRoomsFromLocationByBuildingId for each building
11:51:13,427  INFO EmployeeUpdateFormController - End of while loop for getAllRoomsFromLocationByBuildingId for each building
11:51:13,427  INFO EmployeeUpdateFormController - employeeUsername: null
11:51:13,427  INFO EmployeeUpdateFormController - supervisorUsername: null
11:51:42,396 DEBUG EmployeeUpdateFormController - Displaying new form
11:51:42,396  INFO EmployeeUpdateFormController - Method that executes before getting to Jsp
11:51:42,396  INFO EmployeeUpdateFormController - Updating local.js in all the 3 places
11:52:01,131  INFO EmployeeUpdateFormController - Getting all the building and their corresponding rooms information to fill in the form
11:52:01,131  INFO EmployeeUpdateFormController - Start getAllBuildings
11:52:01,131  INFO EmployeeUpdateFormController - getAllBuildings Success
11:52:01,131  INFO EmployeeUpdateFormController - Start of while loop for getAllRoomsFromLocationByBuildingId for each building
11:52:02,271  INFO EmployeeUpdateFormController - End of while loop for getAllRoomsFromLocationByBuildingId for each building
11:52:02,271  INFO EmployeeUpdateFormController - employeeUsername: null
11:52:02,271  INFO EmployeeUpdateFormController - supervisorUsername: null
11:52:37,412 DEBUG EmployeeUpdateFormController - Displaying new form
11:52:37,412  INFO EmployeeUpdateFormController - Method that executes before getting to Jsp
11:52:37,412  INFO EmployeeUpdateFormController - Updating local.js in all the 3 places
11:52:43,881  INFO EmployeeUpdateFormController - Getting all the building and their corresponding rooms information to fill in the form
11:52:43,881  INFO EmployeeUpdateFormController - Start getAllBuildings
11:52:43,881  INFO EmployeeUpdateFormController - getAllBuildings Success
11:52:43,881  INFO EmployeeUpdateFormController - Start of while loop for getAllRoomsFromLocationByBuildingId for each building
11:52:44,881  INFO EmployeeUpdateFormController - End of while loop for getAllRoomsFromLocationByBuildingId for each building
11:52:44,881  INFO EmployeeUpdateFormController - employeeUsername: null
11:52:44,881  INFO EmployeeUpdateFormController - supervisorUsername: null
11:53:03,006 DEBUG EmployeeUpdateFormController - Displaying new form
11:53:03,006  INFO EmployeeUpdateFormController - Method that executes before getting to Jsp
11:53:03,006  INFO EmployeeUpdateFormController - Updating local.js in all the 3 places
11:53:09,881  INFO EmployeeUpdateFormController - Getting all the building and their corresponding rooms information to fill in the form
11:53:09,881  INFO EmployeeUpdateFormController - Start getAllBuildings
11:53:09,897  INFO EmployeeUpdateFormController - getAllBuildings Success
11:53:09,897  INFO EmployeeUpdateFormController - Start of while loop for getAllRoomsFromLocationByBuildingId for each building
11:53:10,897  INFO EmployeeUpdateFormController - End of while loop for getAllRoomsFromLocationByBuildingId for each building
11:53:10,897  INFO EmployeeUpdateFormController - employeeUsername: null
11:53:10,897  INFO EmployeeUpdateFormController - supervisorUsername: null
11:55:10,069 DEBUG EmployeeUpdateFormController - Displaying new form
11:55:10,069  INFO EmployeeUpdateFormController - Method that executes before getting to Jsp
11:55:10,069  INFO EmployeeUpdateFormController - Updating local.js in all the 3 places
11:55:16,694  INFO EmployeeUpdateFormController - Getting all the building and their corresponding rooms information to fill in the form
11:55:16,694  INFO EmployeeUpdateFormController - Start getAllBuildings
11:55:16,710  INFO EmployeeUpdateFormController - getAllBuildings Success
11:55:16,710  INFO EmployeeUpdateFormController - Start of while loop for getAllRoomsFromLocationByBuildingId for each building
11:55:17,694  INFO EmployeeUpdateFormController - End of while loop for getAllRoomsFromLocationByBuildingId for each building
11:55:17,694  INFO EmployeeUpdateFormController - employeeUsername: null
11:55:17,694  INFO EmployeeUpdateFormController - supervisorUsername: null
12:05:55,886 DEBUG EmployeeUpdateFormController - Displaying new form
12:05:55,995  INFO EmployeeUpdateFormController - Method that executes before getting to Jsp
12:05:55,995  INFO EmployeeUpdateFormController - Updating local.js in all the 3 places
12:06:05,605  INFO EmployeeUpdateFormController - Getting all the building and their corresponding rooms information to fill in the form
12:06:05,605  INFO EmployeeUpdateFormController - Start getAllBuildings
12:06:05,777  INFO EmployeeUpdateFormController - getAllBuildings Success
12:06:05,777  INFO EmployeeUpdateFormController - Start of while loop for getAllRoomsFromLocationByBuildingId for each building
12:06:06,886  INFO EmployeeUpdateFormController - End of while loop for getAllRoomsFromLocationByBuildingId for each building
12:06:06,886  INFO EmployeeUpdateFormController - employeeUsername: null
12:06:06,886  INFO EmployeeUpdateFormController - supervisorUsername: null
13:46:24,819 ERROR ContextLoader - Context initialization failed
org.springframework.beans.factory.BeanCreationException: Error creating bean with name 'sessionFactory' defined in ServletContext resource [/WEB-INF/applicationContext.xml]: Invocation of init method failed; nested exception is java.lang.NullPointerException
Caused by: 
java.lang.NullPointerException
	at org.apache.log4j.Category.log(Category.java:1163)
	at org.apache.log4j.Category.log(Category.java:1177)
	at org.apache.commons.logging.impl.Log4JLogger.trace(Log4JLogger.java:152)
	at org.hibernate.exception.SQLExceptionConverterFactory.buildSQLExceptionConverter(SQLExceptionConverterFactory.java:52)
	at org.hibernate.cfg.SettingsFactory.buildSettings(SettingsFactory.java:246)
	at org.hibernate.cfg.Configuration.buildSettings(Configuration.java:1463)
	at org.hibernate.cfg.Configuration.buildSessionFactory(Configuration.java:1004)
	at org.springframework.orm.hibernate3.LocalSessionFactoryBean.newSessionFactory(LocalSessionFactoryBean.java:805)
	at org.springframework.orm.hibernate3.LocalSessionFactoryBean.buildSessionFactory(LocalSessionFactoryBean.java:745)
	at org.springframework.orm.hibernate3.AbstractSessionFactoryBean.afterPropertiesSet(AbstractSessionFactoryBean.java:134)
	at org.springframework.beans.factory.support.AbstractAutowireCapableBeanFactory.invokeInitMethods(AbstractAutowireCapableBeanFactory.java:1203)
	at org.springframework.beans.factory.support.AbstractAutowireCapableBeanFactory.initializeBean(AbstractAutowireCapableBeanFactory.java:1172)
	at org.springframework.beans.factory.support.AbstractAutowireCapableBeanFactory.createBean(AbstractAutowireCapableBeanFactory.java:427)
	at org.springframework.beans.factory.support.AbstractBeanFactory$1.getObject(AbstractBeanFactory.java:249)
	at org.springframework.beans.factory.support.DefaultSingletonBeanRegistry.getSingleton(DefaultSingletonBeanRegistry.java:155)
	at org.springframework.beans.factory.support.AbstractBeanFactory.getBean(AbstractBeanFactory.java:246)
	at org.springframework.beans.factory.support.AbstractBeanFactory.getBean(AbstractBeanFactory.java:160)
	at org.springframework.beans.factory.support.DefaultListableBeanFactory.preInstantiateSingletons(DefaultListableBeanFactory.java:285)
	at org.springframework.context.support.AbstractApplicationContext.refresh(AbstractApplicationContext.java:352)
	at org.springframework.web.context.ContextLoader.createWebApplicationContext(ContextLoader.java:246)
	at org.springframework.web.context.ContextLoader.initWebApplicationContext(ContextLoader.java:189)
	at org.springframework.web.context.ContextLoaderListener.contextInitialized(ContextLoaderListener.java:49)
	at org.apache.catalina.core.StandardContext.listenerStart(StandardContext.java:3764)
	at org.apache.catalina.core.StandardContext.start(StandardContext.java:4216)
	at org.apache.catalina.core.StandardContext.reload(StandardContext.java:3025)
	at org.apache.catalina.loader.WebappLoader.backgroundProcess(WebappLoader.java:432)
	at org.apache.catalina.core.ContainerBase.backgroundProcess(ContainerBase.java:1278)
	at org.apache.catalina.core.ContainerBase$ContainerBackgroundProcessor.processChildren(ContainerBase.java:1570)
	at org.apache.catalina.core.ContainerBase$ContainerBackgroundProcessor.processChildren(ContainerBase.java:1579)
	at org.apache.catalina.core.ContainerBase$ContainerBackgroundProcessor.processChildren(ContainerBase.java:1579)
	at org.apache.catalina.core.ContainerBase$ContainerBackgroundProcessor.run(ContainerBase.java:1559)
	at java.lang.Thread.run(Thread.java:619)
Root cause follows.
java.lang.NullPointerException
	at org.apache.log4j.Category.log(Category.java:1163)
	at org.apache.log4j.Category.log(Category.java:1177)
	at org.apache.commons.logging.impl.Log4JLogger.trace(Log4JLogger.java:152)
	at org.hibernate.exception.SQLExceptionConverterFactory.buildSQLExceptionConverter(SQLExceptionConverterFactory.java:52)
	at org.hibernate.cfg.SettingsFactory.buildSettings(SettingsFactory.java:246)
	at org.hibernate.cfg.Configuration.buildSettings(Configuration.java:1463)
	at org.hibernate.cfg.Configuration.buildSessionFactory(Configuration.java:1004)
	at org.springframework.orm.hibernate3.LocalSessionFactoryBean.newSessionFactory(LocalSessionFactoryBean.java:805)
	at org.springframework.orm.hibernate3.LocalSessionFactoryBean.buildSessionFactory(LocalSessionFactoryBean.java:745)
	at org.springframework.orm.hibernate3.AbstractSessionFactoryBean.afterPropertiesSet(AbstractSessionFactoryBean.java:134)
	at org.springframework.beans.factory.support.AbstractAutowireCapableBeanFactory.invokeInitMethods(AbstractAutowireCapableBeanFactory.java:1203)
	at org.springframework.beans.factory.support.AbstractAutowireCapableBeanFactory.initializeBean(AbstractAutowireCapableBeanFactory.java:1172)
	at org.springframework.beans.factory.support.AbstractAutowireCapableBeanFactory.createBean(AbstractAutowireCapableBeanFactory.java:427)
	at org.springframework.beans.factory.support.AbstractBeanFactory$1.getObject(AbstractBeanFactory.java:249)
	at org.springframework.beans.factory.support.DefaultSingletonBeanRegistry.getSingleton(DefaultSingletonBeanRegistry.java:155)
	at org.springframework.beans.factory.support.AbstractBeanFactory.getBean(AbstractBeanFactory.java:246)
	at org.springframework.beans.factory.support.AbstractBeanFactory.getBean(AbstractBeanFactory.java:160)
	at org.springframework.beans.factory.support.DefaultListableBeanFactory.preInstantiateSingletons(DefaultListableBeanFactory.java:285)
	at org.springframework.context.support.AbstractApplicationContext.refresh(AbstractApplicationContext.java:352)
	at org.springframework.web.context.ContextLoader.createWebApplicationContext(ContextLoader.java:246)
	at org.springframework.web.context.ContextLoader.initWebApplicationContext(ContextLoader.java:189)
	at org.springframework.web.context.ContextLoaderListener.contextInitialized(ContextLoaderListener.java:49)
	at org.apache.catalina.core.StandardContext.listenerStart(StandardContext.java:3764)
	at org.apache.catalina.core.StandardContext.start(StandardContext.java:4216)
	at org.apache.catalina.core.StandardContext.reload(StandardContext.java:3025)
	at org.apache.catalina.loader.WebappLoader.backgroundProcess(WebappLoader.java:432)
	at org.apache.catalina.core.ContainerBase.backgroundProcess(ContainerBase.java:1278)
	at org.apache.catalina.core.ContainerBase$ContainerBackgroundProcessor.processChildren(ContainerBase.java:1570)
	at org.apache.catalina.core.ContainerBase$ContainerBackgroundProcessor.processChildren(ContainerBase.java:1579)
	at org.apache.catalina.core.ContainerBase$ContainerBackgroundProcessor.processChildren(ContainerBase.java:1579)
	at org.apache.catalina.core.ContainerBase$ContainerBackgroundProcessor.run(ContainerBase.java:1559)
	at java.lang.Thread.run(Thread.java:619)
13:46:24,835 ERROR [/ecf] - Exception sending context initialized event to listener instance of class org.springframework.web.context.ContextLoaderListener
org.springframework.beans.factory.BeanCreationException: Error creating bean with name 'sessionFactory' defined in ServletContext resource [/WEB-INF/applicationContext.xml]: Invocation of init method failed; nested exception is java.lang.NullPointerException
Caused by: 
java.lang.NullPointerException
	at org.apache.log4j.Category.log(Category.java:1163)
	at org.apache.log4j.Category.log(Category.java:1177)
	at org.apache.commons.logging.impl.Log4JLogger.trace(Log4JLogger.java:152)
	at org.hibernate.exception.SQLExceptionConverterFactory.buildSQLExceptionConverter(SQLExceptionConverterFactory.java:52)
	at org.hibernate.cfg.SettingsFactory.buildSettings(SettingsFactory.java:246)
	at org.hibernate.cfg.Configuration.buildSettings(Configuration.java:1463)
	at org.hibernate.cfg.Configuration.buildSessionFactory(Configuration.java:1004)
	at org.springframework.orm.hibernate3.LocalSessionFactoryBean.newSessionFactory(LocalSessionFactoryBean.java:805)
	at org.springframework.orm.hibernate3.LocalSessionFactoryBean.buildSessionFactory(LocalSessionFactoryBean.java:745)
	at org.springframework.orm.hibernate3.AbstractSessionFactoryBean.afterPropertiesSet(AbstractSessionFactoryBean.java:134)
	at org.springframework.beans.factory.support.AbstractAutowireCapableBeanFactory.invokeInitMethods(AbstractAutowireCapableBeanFactory.java:1203)
	at org.springframework.beans.factory.support.AbstractAutowireCapableBeanFactory.initializeBean(AbstractAutowireCapableBeanFactory.java:1172)
	at org.springframework.beans.factory.support.AbstractAutowireCapableBeanFactory.createBean(AbstractAutowireCapableBeanFactory.java:427)
	at org.springframework.beans.factory.support.AbstractBeanFactory$1.getObject(AbstractBeanFactory.java:249)
	at org.springframework.beans.factory.support.DefaultSingletonBeanRegistry.getSingleton(DefaultSingletonBeanRegistry.java:155)
	at org.springframework.beans.factory.support.AbstractBeanFactory.getBean(AbstractBeanFactory.java:246)
	at org.springframework.beans.factory.support.AbstractBeanFactory.getBean(AbstractBeanFactory.java:160)
	at org.springframework.beans.factory.support.DefaultListableBeanFactory.preInstantiateSingletons(DefaultListableBeanFactory.java:285)
	at org.springframework.context.support.AbstractApplicationContext.refresh(AbstractApplicationContext.java:352)
	at org.springframework.web.context.ContextLoader.createWebApplicationContext(ContextLoader.java:246)
	at org.springframework.web.context.ContextLoader.initWebApplicationContext(ContextLoader.java:189)
	at org.springframework.web.context.ContextLoaderListener.contextInitialized(ContextLoaderListener.java:49)
	at org.apache.catalina.core.StandardContext.listenerStart(StandardContext.java:3764)
	at org.apache.catalina.core.StandardContext.start(StandardContext.java:4216)
	at org.apache.catalina.core.StandardContext.reload(StandardContext.java:3025)
	at org.apache.catalina.loader.WebappLoader.backgroundProcess(WebappLoader.java:432)
	at org.apache.catalina.core.ContainerBase.backgroundProcess(ContainerBase.java:1278)
	at org.apache.catalina.core.ContainerBase$ContainerBackgroundProcessor.processChildren(ContainerBase.java:1570)
	at org.apache.catalina.core.ContainerBase$ContainerBackgroundProcessor.processChildren(ContainerBase.java:1579)
	at org.apache.catalina.core.ContainerBase$ContainerBackgroundProcessor.processChildren(ContainerBase.java:1579)
	at org.apache.catalina.core.ContainerBase$ContainerBackgroundProcessor.run(ContainerBase.java:1559)
	at java.lang.Thread.run(Thread.java:619)
Root cause follows.
java.lang.NullPointerException
	at org.apache.log4j.Category.log(Category.java:1163)
	at org.apache.log4j.Category.log(Category.java:1177)
	at org.apache.commons.logging.impl.Log4JLogger.trace(Log4JLogger.java:152)
	at org.hibernate.exception.SQLExceptionConverterFactory.buildSQLExceptionConverter(SQLExceptionConverterFactory.java:52)
	at org.hibernate.cfg.SettingsFactory.buildSettings(SettingsFactory.java:246)
	at org.hibernate.cfg.Configuration.buildSettings(Configuration.java:1463)
	at org.hibernate.cfg.Configuration.buildSessionFactory(Configuration.java:1004)
	at org.springframework.orm.hibernate3.LocalSessionFactoryBean.newSessionFactory(LocalSessionFactoryBean.java:805)
	at org.springframework.orm.hibernate3.LocalSessionFactoryBean.buildSessionFactory(LocalSessionFactoryBean.java:745)
	at org.springframework.orm.hibernate3.AbstractSessionFactoryBean.afterPropertiesSet(AbstractSessionFactoryBean.java:134)
	at org.springframework.beans.factory.support.AbstractAutowireCapableBeanFactory.invokeInitMethods(AbstractAutowireCapableBeanFactory.java:1203)
	at org.springframework.beans.factory.support.AbstractAutowireCapableBeanFactory.initializeBean(AbstractAutowireCapableBeanFactory.java:1172)
	at org.springframework.beans.factory.support.AbstractAutowireCapableBeanFactory.createBean(AbstractAutowireCapableBeanFactory.java:427)
	at org.springframework.beans.factory.support.AbstractBeanFactory$1.getObject(AbstractBeanFactory.java:249)
	at org.springframework.beans.factory.support.DefaultSingletonBeanRegistry.getSingleton(DefaultSingletonBeanRegistry.java:155)
	at org.springframework.beans.factory.support.AbstractBeanFactory.getBean(AbstractBeanFactory.java:246)
	at org.springframework.beans.factory.support.AbstractBeanFactory.getBean(AbstractBeanFactory.java:160)
	at org.springframework.beans.factory.support.DefaultListableBeanFactory.preInstantiateSingletons(DefaultListableBeanFactory.java:285)
	at org.springframework.context.support.AbstractApplicationContext.refresh(AbstractApplicationContext.java:352)
	at org.springframework.web.context.ContextLoader.createWebApplicationContext(ContextLoader.java:246)
	at org.springframework.web.context.ContextLoader.initWebApplicationContext(ContextLoader.java:189)
	at org.springframework.web.context.ContextLoaderListener.contextInitialized(ContextLoaderListener.java:49)
	at org.apache.catalina.core.StandardContext.listenerStart(StandardContext.java:3764)
	at org.apache.catalina.core.StandardContext.start(StandardContext.java:4216)
	at org.apache.catalina.core.StandardContext.reload(StandardContext.java:3025)
	at org.apache.catalina.loader.WebappLoader.backgroundProcess(WebappLoader.java:432)
	at org.apache.catalina.core.ContainerBase.backgroundProcess(ContainerBase.java:1278)
	at org.apache.catalina.core.ContainerBase$ContainerBackgroundProcessor.processChildren(ContainerBase.java:1570)
	at org.apache.catalina.core.ContainerBase$ContainerBackgroundProcessor.processChildren(ContainerBase.java:1579)
	at org.apache.catalina.core.ContainerBase$ContainerBackgroundProcessor.processChildren(ContainerBase.java:1579)
	at org.apache.catalina.core.ContainerBase$ContainerBackgroundProcessor.run(ContainerBase.java:1559)
	at java.lang.Thread.run(Thread.java:619)
