11:40:57,343 ERROR ContextLoader - Context initialization failed
org.springframework.beans.factory.BeanCreationException: Error creating bean with name 'sessionFactory' defined in ServletContext resource [/WEB-INF/applicationContext.xml]: Invocation of init method failed; nested exception is java.lang.NullPointerException
Caused by: 
java.lang.NullPointerException
	at org.apache.log4j.Category.log(Category.java:1163)
	at org.apache.log4j.Category.log(Category.java:1177)
	at org.apache.commons.logging.impl.Log4JLogger.trace(Log4JLogger.java:152)
	at org.hibernate.exception.SQLExceptionConverterFactory.buildSQLExceptionConverter(SQLExceptionConverterFactory.java:52)
	at org.hibernate.cfg.SettingsFactory.buildSettings(SettingsFactory.java:246)
	at org.hibernate.cfg.Configuration.buildSettings(Configuration.java:1463)
	at org.hibernate.cfg.Configuration.buildSessionFactory(Configuration.java:1004)
	at org.springframework.orm.hibernate3.LocalSessionFactoryBean.newSessionFactory(LocalSessionFactoryBean.java:805)
	at org.springframework.orm.hibernate3.LocalSessionFactoryBean.buildSessionFactory(LocalSessionFactoryBean.java:745)
	at org.springframework.orm.hibernate3.AbstractSessionFactoryBean.afterPropertiesSet(AbstractSessionFactoryBean.java:134)
	at org.springframework.beans.factory.support.AbstractAutowireCapableBeanFactory.invokeInitMethods(AbstractAutowireCapableBeanFactory.java:1203)
	at org.springframework.beans.factory.support.AbstractAutowireCapableBeanFactory.initializeBean(AbstractAutowireCapableBeanFactory.java:1172)
	at org.springframework.beans.factory.support.AbstractAutowireCapableBeanFactory.createBean(AbstractAutowireCapableBeanFactory.java:427)
	at org.springframework.beans.factory.support.AbstractBeanFactory$1.getObject(AbstractBeanFactory.java:249)
	at org.springframework.beans.factory.support.DefaultSingletonBeanRegistry.getSingleton(DefaultSingletonBeanRegistry.java:155)
	at org.springframework.beans.factory.support.AbstractBeanFactory.getBean(AbstractBeanFactory.java:246)
	at org.springframework.beans.factory.support.AbstractBeanFactory.getBean(AbstractBeanFactory.java:160)
	at org.springframework.beans.factory.support.DefaultListableBeanFactory.preInstantiateSingletons(DefaultListableBeanFactory.java:285)
	at org.springframework.context.support.AbstractApplicationContext.refresh(AbstractApplicationContext.java:352)
	at org.springframework.web.context.ContextLoader.createWebApplicationContext(ContextLoader.java:246)
	at org.springframework.web.context.ContextLoader.initWebApplicationContext(ContextLoader.java:189)
	at org.springframework.web.context.ContextLoaderListener.contextInitialized(ContextLoaderListener.java:49)
	at org.apache.catalina.core.StandardContext.listenerStart(StandardContext.java:3764)
	at org.apache.catalina.core.StandardContext.start(StandardContext.java:4216)
	at org.apache.catalina.core.StandardContext.reload(StandardContext.java:3025)
	at org.apache.catalina.loader.WebappLoader.backgroundProcess(WebappLoader.java:432)
	at org.apache.catalina.core.ContainerBase.backgroundProcess(ContainerBase.java:1278)
	at org.apache.catalina.core.ContainerBase$ContainerBackgroundProcessor.processChildren(ContainerBase.java:1570)
	at org.apache.catalina.core.ContainerBase$ContainerBackgroundProcessor.processChildren(ContainerBase.java:1579)
	at org.apache.catalina.core.ContainerBase$ContainerBackgroundProcessor.processChildren(ContainerBase.java:1579)
	at org.apache.catalina.core.ContainerBase$ContainerBackgroundProcessor.run(ContainerBase.java:1559)
	at java.lang.Thread.run(Thread.java:619)
Root cause follows.
java.lang.NullPointerException
	at org.apache.log4j.Category.log(Category.java:1163)
	at org.apache.log4j.Category.log(Category.java:1177)
	at org.apache.commons.logging.impl.Log4JLogger.trace(Log4JLogger.java:152)
	at org.hibernate.exception.SQLExceptionConverterFactory.buildSQLExceptionConverter(SQLExceptionConverterFactory.java:52)
	at org.hibernate.cfg.SettingsFactory.buildSettings(SettingsFactory.java:246)
	at org.hibernate.cfg.Configuration.buildSettings(Configuration.java:1463)
	at org.hibernate.cfg.Configuration.buildSessionFactory(Configuration.java:1004)
	at org.springframework.orm.hibernate3.LocalSessionFactoryBean.newSessionFactory(LocalSessionFactoryBean.java:805)
	at org.springframework.orm.hibernate3.LocalSessionFactoryBean.buildSessionFactory(LocalSessionFactoryBean.java:745)
	at org.springframework.orm.hibernate3.AbstractSessionFactoryBean.afterPropertiesSet(AbstractSessionFactoryBean.java:134)
	at org.springframework.beans.factory.support.AbstractAutowireCapableBeanFactory.invokeInitMethods(AbstractAutowireCapableBeanFactory.java:1203)
	at org.springframework.beans.factory.support.AbstractAutowireCapableBeanFactory.initializeBean(AbstractAutowireCapableBeanFactory.java:1172)
	at org.springframework.beans.factory.support.AbstractAutowireCapableBeanFactory.createBean(AbstractAutowireCapableBeanFactory.java:427)
	at org.springframework.beans.factory.support.AbstractBeanFactory$1.getObject(AbstractBeanFactory.java:249)
	at org.springframework.beans.factory.support.DefaultSingletonBeanRegistry.getSingleton(DefaultSingletonBeanRegistry.java:155)
	at org.springframework.beans.factory.support.AbstractBeanFactory.getBean(AbstractBeanFactory.java:246)
	at org.springframework.beans.factory.support.AbstractBeanFactory.getBean(AbstractBeanFactory.java:160)
	at org.springframework.beans.factory.support.DefaultListableBeanFactory.preInstantiateSingletons(DefaultListableBeanFactory.java:285)
	at org.springframework.context.support.AbstractApplicationContext.refresh(AbstractApplicationContext.java:352)
	at org.springframework.web.context.ContextLoader.createWebApplicationContext(ContextLoader.java:246)
	at org.springframework.web.context.ContextLoader.initWebApplicationContext(ContextLoader.java:189)
	at org.springframework.web.context.ContextLoaderListener.contextInitialized(ContextLoaderListener.java:49)
	at org.apache.catalina.core.StandardContext.listenerStart(StandardContext.java:3764)
	at org.apache.catalina.core.StandardContext.start(StandardContext.java:4216)
	at org.apache.catalina.core.StandardContext.reload(StandardContext.java:3025)
	at org.apache.catalina.loader.WebappLoader.backgroundProcess(WebappLoader.java:432)
	at org.apache.catalina.core.ContainerBase.backgroundProcess(ContainerBase.java:1278)
	at org.apache.catalina.core.ContainerBase$ContainerBackgroundProcessor.processChildren(ContainerBase.java:1570)
	at org.apache.catalina.core.ContainerBase$ContainerBackgroundProcessor.processChildren(ContainerBase.java:1579)
	at org.apache.catalina.core.ContainerBase$ContainerBackgroundProcessor.processChildren(ContainerBase.java:1579)
	at org.apache.catalina.core.ContainerBase$ContainerBackgroundProcessor.run(ContainerBase.java:1559)
	at java.lang.Thread.run(Thread.java:619)
11:40:57,343 ERROR [/ecf] - Exception sending context initialized event to listener instance of class org.springframework.web.context.ContextLoaderListener
org.springframework.beans.factory.BeanCreationException: Error creating bean with name 'sessionFactory' defined in ServletContext resource [/WEB-INF/applicationContext.xml]: Invocation of init method failed; nested exception is java.lang.NullPointerException
Caused by: 
java.lang.NullPointerException
	at org.apache.log4j.Category.log(Category.java:1163)
	at org.apache.log4j.Category.log(Category.java:1177)
	at org.apache.commons.logging.impl.Log4JLogger.trace(Log4JLogger.java:152)
	at org.hibernate.exception.SQLExceptionConverterFactory.buildSQLExceptionConverter(SQLExceptionConverterFactory.java:52)
	at org.hibernate.cfg.SettingsFactory.buildSettings(SettingsFactory.java:246)
	at org.hibernate.cfg.Configuration.buildSettings(Configuration.java:1463)
	at org.hibernate.cfg.Configuration.buildSessionFactory(Configuration.java:1004)
	at org.springframework.orm.hibernate3.LocalSessionFactoryBean.newSessionFactory(LocalSessionFactoryBean.java:805)
	at org.springframework.orm.hibernate3.LocalSessionFactoryBean.buildSessionFactory(LocalSessionFactoryBean.java:745)
	at org.springframework.orm.hibernate3.AbstractSessionFactoryBean.afterPropertiesSet(AbstractSessionFactoryBean.java:134)
	at org.springframework.beans.factory.support.AbstractAutowireCapableBeanFactory.invokeInitMethods(AbstractAutowireCapableBeanFactory.java:1203)
	at org.springframework.beans.factory.support.AbstractAutowireCapableBeanFactory.initializeBean(AbstractAutowireCapableBeanFactory.java:1172)
	at org.springframework.beans.factory.support.AbstractAutowireCapableBeanFactory.createBean(AbstractAutowireCapableBeanFactory.java:427)
	at org.springframework.beans.factory.support.AbstractBeanFactory$1.getObject(AbstractBeanFactory.java:249)
	at org.springframework.beans.factory.support.DefaultSingletonBeanRegistry.getSingleton(DefaultSingletonBeanRegistry.java:155)
	at org.springframework.beans.factory.support.AbstractBeanFactory.getBean(AbstractBeanFactory.java:246)
	at org.springframework.beans.factory.support.AbstractBeanFactory.getBean(AbstractBeanFactory.java:160)
	at org.springframework.beans.factory.support.DefaultListableBeanFactory.preInstantiateSingletons(DefaultListableBeanFactory.java:285)
	at org.springframework.context.support.AbstractApplicationContext.refresh(AbstractApplicationContext.java:352)
	at org.springframework.web.context.ContextLoader.createWebApplicationContext(ContextLoader.java:246)
	at org.springframework.web.context.ContextLoader.initWebApplicationContext(ContextLoader.java:189)
	at org.springframework.web.context.ContextLoaderListener.contextInitialized(ContextLoaderListener.java:49)
	at org.apache.catalina.core.StandardContext.listenerStart(StandardContext.java:3764)
	at org.apache.catalina.core.StandardContext.start(StandardContext.java:4216)
	at org.apache.catalina.core.StandardContext.reload(StandardContext.java:3025)
	at org.apache.catalina.loader.WebappLoader.backgroundProcess(WebappLoader.java:432)
	at org.apache.catalina.core.ContainerBase.backgroundProcess(ContainerBase.java:1278)
	at org.apache.catalina.core.ContainerBase$ContainerBackgroundProcessor.processChildren(ContainerBase.java:1570)
	at org.apache.catalina.core.ContainerBase$ContainerBackgroundProcessor.processChildren(ContainerBase.java:1579)
	at org.apache.catalina.core.ContainerBase$ContainerBackgroundProcessor.processChildren(ContainerBase.java:1579)
	at org.apache.catalina.core.ContainerBase$ContainerBackgroundProcessor.run(ContainerBase.java:1559)
	at java.lang.Thread.run(Thread.java:619)
Root cause follows.
java.lang.NullPointerException
	at org.apache.log4j.Category.log(Category.java:1163)
	at org.apache.log4j.Category.log(Category.java:1177)
	at org.apache.commons.logging.impl.Log4JLogger.trace(Log4JLogger.java:152)
	at org.hibernate.exception.SQLExceptionConverterFactory.buildSQLExceptionConverter(SQLExceptionConverterFactory.java:52)
	at org.hibernate.cfg.SettingsFactory.buildSettings(SettingsFactory.java:246)
	at org.hibernate.cfg.Configuration.buildSettings(Configuration.java:1463)
	at org.hibernate.cfg.Configuration.buildSessionFactory(Configuration.java:1004)
	at org.springframework.orm.hibernate3.LocalSessionFactoryBean.newSessionFactory(LocalSessionFactoryBean.java:805)
	at org.springframework.orm.hibernate3.LocalSessionFactoryBean.buildSessionFactory(LocalSessionFactoryBean.java:745)
	at org.springframework.orm.hibernate3.AbstractSessionFactoryBean.afterPropertiesSet(AbstractSessionFactoryBean.java:134)
	at org.springframework.beans.factory.support.AbstractAutowireCapableBeanFactory.invokeInitMethods(AbstractAutowireCapableBeanFactory.java:1203)
	at org.springframework.beans.factory.support.AbstractAutowireCapableBeanFactory.initializeBean(AbstractAutowireCapableBeanFactory.java:1172)
	at org.springframework.beans.factory.support.AbstractAutowireCapableBeanFactory.createBean(AbstractAutowireCapableBeanFactory.java:427)
	at org.springframework.beans.factory.support.AbstractBeanFactory$1.getObject(AbstractBeanFactory.java:249)
	at org.springframework.beans.factory.support.DefaultSingletonBeanRegistry.getSingleton(DefaultSingletonBeanRegistry.java:155)
	at org.springframework.beans.factory.support.AbstractBeanFactory.getBean(AbstractBeanFactory.java:246)
	at org.springframework.beans.factory.support.AbstractBeanFactory.getBean(AbstractBeanFactory.java:160)
	at org.springframework.beans.factory.support.DefaultListableBeanFactory.preInstantiateSingletons(DefaultListableBeanFactory.java:285)
	at org.springframework.context.support.AbstractApplicationContext.refresh(AbstractApplicationContext.java:352)
	at org.springframework.web.context.ContextLoader.createWebApplicationContext(ContextLoader.java:246)
	at org.springframework.web.context.ContextLoader.initWebApplicationContext(ContextLoader.java:189)
	at org.springframework.web.context.ContextLoaderListener.contextInitialized(ContextLoaderListener.java:49)
	at org.apache.catalina.core.StandardContext.listenerStart(StandardContext.java:3764)
	at org.apache.catalina.core.StandardContext.start(StandardContext.java:4216)
	at org.apache.catalina.core.StandardContext.reload(StandardContext.java:3025)
	at org.apache.catalina.loader.WebappLoader.backgroundProcess(WebappLoader.java:432)
	at org.apache.catalina.core.ContainerBase.backgroundProcess(ContainerBase.java:1278)
	at org.apache.catalina.core.ContainerBase$ContainerBackgroundProcessor.processChildren(ContainerBase.java:1570)
	at org.apache.catalina.core.ContainerBase$ContainerBackgroundProcessor.processChildren(ContainerBase.java:1579)
	at org.apache.catalina.core.ContainerBase$ContainerBackgroundProcessor.processChildren(ContainerBase.java:1579)
	at org.apache.catalina.core.ContainerBase$ContainerBackgroundProcessor.run(ContainerBase.java:1559)
	at java.lang.Thread.run(Thread.java:619)
11:42:52,406 DEBUG EmployeeUpdateFormController - Displaying new form
11:42:52,516  INFO EmployeeUpdateFormController - Method that executes before getting to Jsp
11:42:52,516  INFO EmployeeUpdateFormController - Updating local.js in all the 3 places
11:43:07,750  INFO EmployeeUpdateFormController - Getting all the building and their corresponding rooms information to fill in the form
11:43:07,750  INFO EmployeeUpdateFormController - Start getAllBuildings
11:43:08,063  INFO EmployeeUpdateFormController - getAllBuildings Success
11:43:08,063  INFO EmployeeUpdateFormController - Start of while loop for getAllRoomsFromLocationByBuildingId for each building
11:43:09,188  INFO EmployeeUpdateFormController - End of while loop for getAllRoomsFromLocationByBuildingId for each building
11:43:09,188  INFO EmployeeUpdateFormController - employeeUsername: null
11:43:09,188  INFO EmployeeUpdateFormController - supervisorUsername: null
11:43:42,532 DEBUG EmployeeUpdateFormController - Displaying new form
11:43:42,532  INFO EmployeeUpdateFormController - Method that executes before getting to Jsp
11:43:42,532  INFO EmployeeUpdateFormController - Updating local.js in all the 3 places
11:44:03,797  INFO EmployeeUpdateFormController - Getting all the building and their corresponding rooms information to fill in the form
11:44:03,797  INFO EmployeeUpdateFormController - Start getAllBuildings
11:44:03,813  INFO EmployeeUpdateFormController - getAllBuildings Success
11:44:03,813  INFO EmployeeUpdateFormController - Start of while loop for getAllRoomsFromLocationByBuildingId for each building
11:44:04,907  INFO EmployeeUpdateFormController - End of while loop for getAllRoomsFromLocationByBuildingId for each building
11:44:04,907  INFO EmployeeUpdateFormController - employeeUsername: null
11:44:04,907  INFO EmployeeUpdateFormController - supervisorUsername: null
11:49:17,518 DEBUG EmployeeUpdateFormController - Displaying new form
11:49:17,534  INFO EmployeeUpdateFormController - Method that executes before getting to Jsp
11:49:17,534  INFO EmployeeUpdateFormController - Updating local.js in all the 3 places
11:49:25,659  INFO EmployeeUpdateFormController - Getting all the building and their corresponding rooms information to fill in the form
11:49:25,659  INFO EmployeeUpdateFormController - Start getAllBuildings
11:49:25,846  INFO EmployeeUpdateFormController - getAllBuildings Success
11:49:25,846  INFO EmployeeUpdateFormController - Start of while loop for getAllRoomsFromLocationByBuildingId for each building
11:49:26,924  INFO EmployeeUpdateFormController - End of while loop for getAllRoomsFromLocationByBuildingId for each building
11:49:26,924  INFO EmployeeUpdateFormController - employeeUsername: null
11:49:26,924  INFO EmployeeUpdateFormController - supervisorUsername: null
11:52:30,472 ERROR ContextLoader - Context initialization failed
org.springframework.beans.factory.BeanCreationException: Error creating bean with name 'sessionFactory' defined in ServletContext resource [/WEB-INF/applicationContext.xml]: Invocation of init method failed; nested exception is java.lang.NullPointerException
Caused by: 
java.lang.NullPointerException
	at org.apache.log4j.Category.log(Category.java:1163)
	at org.apache.log4j.Category.log(Category.java:1177)
	at org.apache.commons.logging.impl.Log4JLogger.trace(Log4JLogger.java:152)
	at org.hibernate.exception.SQLExceptionConverterFactory.buildSQLExceptionConverter(SQLExceptionConverterFactory.java:52)
	at org.hibernate.cfg.SettingsFactory.buildSettings(SettingsFactory.java:246)
	at org.hibernate.cfg.Configuration.buildSettings(Configuration.java:1463)
	at org.hibernate.cfg.Configuration.buildSessionFactory(Configuration.java:1004)
	at org.springframework.orm.hibernate3.LocalSessionFactoryBean.newSessionFactory(LocalSessionFactoryBean.java:805)
	at org.springframework.orm.hibernate3.LocalSessionFactoryBean.buildSessionFactory(LocalSessionFactoryBean.java:745)
	at org.springframework.orm.hibernate3.AbstractSessionFactoryBean.afterPropertiesSet(AbstractSessionFactoryBean.java:134)
	at org.springframework.beans.factory.support.AbstractAutowireCapableBeanFactory.invokeInitMethods(AbstractAutowireCapableBeanFactory.java:1203)
	at org.springframework.beans.factory.support.AbstractAutowireCapableBeanFactory.initializeBean(AbstractAutowireCapableBeanFactory.java:1172)
	at org.springframework.beans.factory.support.AbstractAutowireCapableBeanFactory.createBean(AbstractAutowireCapableBeanFactory.java:427)
	at org.springframework.beans.factory.support.AbstractBeanFactory$1.getObject(AbstractBeanFactory.java:249)
	at org.springframework.beans.factory.support.DefaultSingletonBeanRegistry.getSingleton(DefaultSingletonBeanRegistry.java:155)
	at org.springframework.beans.factory.support.AbstractBeanFactory.getBean(AbstractBeanFactory.java:246)
	at org.springframework.beans.factory.support.AbstractBeanFactory.getBean(AbstractBeanFactory.java:160)
	at org.springframework.beans.factory.support.DefaultListableBeanFactory.preInstantiateSingletons(DefaultListableBeanFactory.java:285)
	at org.springframework.context.support.AbstractApplicationContext.refresh(AbstractApplicationContext.java:352)
	at org.springframework.web.context.ContextLoader.createWebApplicationContext(ContextLoader.java:246)
	at org.springframework.web.context.ContextLoader.initWebApplicationContext(ContextLoader.java:189)
	at org.springframework.web.context.ContextLoaderListener.contextInitialized(ContextLoaderListener.java:49)
	at org.apache.catalina.core.StandardContext.listenerStart(StandardContext.java:3764)
	at org.apache.catalina.core.StandardContext.start(StandardContext.java:4216)
	at org.apache.catalina.core.StandardContext.reload(StandardContext.java:3025)
	at org.apache.catalina.loader.WebappLoader.backgroundProcess(WebappLoader.java:432)
	at org.apache.catalina.core.ContainerBase.backgroundProcess(ContainerBase.java:1278)
	at org.apache.catalina.core.ContainerBase$ContainerBackgroundProcessor.processChildren(ContainerBase.java:1570)
	at org.apache.catalina.core.ContainerBase$ContainerBackgroundProcessor.processChildren(ContainerBase.java:1579)
	at org.apache.catalina.core.ContainerBase$ContainerBackgroundProcessor.processChildren(ContainerBase.java:1579)
	at org.apache.catalina.core.ContainerBase$ContainerBackgroundProcessor.run(ContainerBase.java:1559)
	at java.lang.Thread.run(Thread.java:619)
Root cause follows.
java.lang.NullPointerException
	at org.apache.log4j.Category.log(Category.java:1163)
	at org.apache.log4j.Category.log(Category.java:1177)
	at org.apache.commons.logging.impl.Log4JLogger.trace(Log4JLogger.java:152)
	at org.hibernate.exception.SQLExceptionConverterFactory.buildSQLExceptionConverter(SQLExceptionConverterFactory.java:52)
	at org.hibernate.cfg.SettingsFactory.buildSettings(SettingsFactory.java:246)
	at org.hibernate.cfg.Configuration.buildSettings(Configuration.java:1463)
	at org.hibernate.cfg.Configuration.buildSessionFactory(Configuration.java:1004)
	at org.springframework.orm.hibernate3.LocalSessionFactoryBean.newSessionFactory(LocalSessionFactoryBean.java:805)
	at org.springframework.orm.hibernate3.LocalSessionFactoryBean.buildSessionFactory(LocalSessionFactoryBean.java:745)
	at org.springframework.orm.hibernate3.AbstractSessionFactoryBean.afterPropertiesSet(AbstractSessionFactoryBean.java:134)
	at org.springframework.beans.factory.support.AbstractAutowireCapableBeanFactory.invokeInitMethods(AbstractAutowireCapableBeanFactory.java:1203)
	at org.springframework.beans.factory.support.AbstractAutowireCapableBeanFactory.initializeBean(AbstractAutowireCapableBeanFactory.java:1172)
	at org.springframework.beans.factory.support.AbstractAutowireCapableBeanFactory.createBean(AbstractAutowireCapableBeanFactory.java:427)
	at org.springframework.beans.factory.support.AbstractBeanFactory$1.getObject(AbstractBeanFactory.java:249)
	at org.springframework.beans.factory.support.DefaultSingletonBeanRegistry.getSingleton(DefaultSingletonBeanRegistry.java:155)
	at org.springframework.beans.factory.support.AbstractBeanFactory.getBean(AbstractBeanFactory.java:246)
	at org.springframework.beans.factory.support.AbstractBeanFactory.getBean(AbstractBeanFactory.java:160)
	at org.springframework.beans.factory.support.DefaultListableBeanFactory.preInstantiateSingletons(DefaultListableBeanFactory.java:285)
	at org.springframework.context.support.AbstractApplicationContext.refresh(AbstractApplicationContext.java:352)
	at org.springframework.web.context.ContextLoader.createWebApplicationContext(ContextLoader.java:246)
	at org.springframework.web.context.ContextLoader.initWebApplicationContext(ContextLoader.java:189)
	at org.springframework.web.context.ContextLoaderListener.contextInitialized(ContextLoaderListener.java:49)
	at org.apache.catalina.core.StandardContext.listenerStart(StandardContext.java:3764)
	at org.apache.catalina.core.StandardContext.start(StandardContext.java:4216)
	at org.apache.catalina.core.StandardContext.reload(StandardContext.java:3025)
	at org.apache.catalina.loader.WebappLoader.backgroundProcess(WebappLoader.java:432)
	at org.apache.catalina.core.ContainerBase.backgroundProcess(ContainerBase.java:1278)
	at org.apache.catalina.core.ContainerBase$ContainerBackgroundProcessor.processChildren(ContainerBase.java:1570)
	at org.apache.catalina.core.ContainerBase$ContainerBackgroundProcessor.processChildren(ContainerBase.java:1579)
	at org.apache.catalina.core.ContainerBase$ContainerBackgroundProcessor.processChildren(ContainerBase.java:1579)
	at org.apache.catalina.core.ContainerBase$ContainerBackgroundProcessor.run(ContainerBase.java:1559)
	at java.lang.Thread.run(Thread.java:619)
11:52:30,472 ERROR [/ecf] - Exception sending context initialized event to listener instance of class org.springframework.web.context.ContextLoaderListener
org.springframework.beans.factory.BeanCreationException: Error creating bean with name 'sessionFactory' defined in ServletContext resource [/WEB-INF/applicationContext.xml]: Invocation of init method failed; nested exception is java.lang.NullPointerException
Caused by: 
java.lang.NullPointerException
	at org.apache.log4j.Category.log(Category.java:1163)
	at org.apache.log4j.Category.log(Category.java:1177)
	at org.apache.commons.logging.impl.Log4JLogger.trace(Log4JLogger.java:152)
	at org.hibernate.exception.SQLExceptionConverterFactory.buildSQLExceptionConverter(SQLExceptionConverterFactory.java:52)
	at org.hibernate.cfg.SettingsFactory.buildSettings(SettingsFactory.java:246)
	at org.hibernate.cfg.Configuration.buildSettings(Configuration.java:1463)
	at org.hibernate.cfg.Configuration.buildSessionFactory(Configuration.java:1004)
	at org.springframework.orm.hibernate3.LocalSessionFactoryBean.newSessionFactory(LocalSessionFactoryBean.java:805)
	at org.springframework.orm.hibernate3.LocalSessionFactoryBean.buildSessionFactory(LocalSessionFactoryBean.java:745)
	at org.springframework.orm.hibernate3.AbstractSessionFactoryBean.afterPropertiesSet(AbstractSessionFactoryBean.java:134)
	at org.springframework.beans.factory.support.AbstractAutowireCapableBeanFactory.invokeInitMethods(AbstractAutowireCapableBeanFactory.java:1203)
	at org.springframework.beans.factory.support.AbstractAutowireCapableBeanFactory.initializeBean(AbstractAutowireCapableBeanFactory.java:1172)
	at org.springframework.beans.factory.support.AbstractAutowireCapableBeanFactory.createBean(AbstractAutowireCapableBeanFactory.java:427)
	at org.springframework.beans.factory.support.AbstractBeanFactory$1.getObject(AbstractBeanFactory.java:249)
	at org.springframework.beans.factory.support.DefaultSingletonBeanRegistry.getSingleton(DefaultSingletonBeanRegistry.java:155)
	at org.springframework.beans.factory.support.AbstractBeanFactory.getBean(AbstractBeanFactory.java:246)
	at org.springframework.beans.factory.support.AbstractBeanFactory.getBean(AbstractBeanFactory.java:160)
	at org.springframework.beans.factory.support.DefaultListableBeanFactory.preInstantiateSingletons(DefaultListableBeanFactory.java:285)
	at org.springframework.context.support.AbstractApplicationContext.refresh(AbstractApplicationContext.java:352)
	at org.springframework.web.context.ContextLoader.createWebApplicationContext(ContextLoader.java:246)
	at org.springframework.web.context.ContextLoader.initWebApplicationContext(ContextLoader.java:189)
	at org.springframework.web.context.ContextLoaderListener.contextInitialized(ContextLoaderListener.java:49)
	at org.apache.catalina.core.StandardContext.listenerStart(StandardContext.java:3764)
	at org.apache.catalina.core.StandardContext.start(StandardContext.java:4216)
	at org.apache.catalina.core.StandardContext.reload(StandardContext.java:3025)
	at org.apache.catalina.loader.WebappLoader.backgroundProcess(WebappLoader.java:432)
	at org.apache.catalina.core.ContainerBase.backgroundProcess(ContainerBase.java:1278)
	at org.apache.catalina.core.ContainerBase$ContainerBackgroundProcessor.processChildren(ContainerBase.java:1570)
	at org.apache.catalina.core.ContainerBase$ContainerBackgroundProcessor.processChildren(ContainerBase.java:1579)
	at org.apache.catalina.core.ContainerBase$ContainerBackgroundProcessor.processChildren(ContainerBase.java:1579)
	at org.apache.catalina.core.ContainerBase$ContainerBackgroundProcessor.run(ContainerBase.java:1559)
	at java.lang.Thread.run(Thread.java:619)
Root cause follows.
java.lang.NullPointerException
	at org.apache.log4j.Category.log(Category.java:1163)
	at org.apache.log4j.Category.log(Category.java:1177)
	at org.apache.commons.logging.impl.Log4JLogger.trace(Log4JLogger.java:152)
	at org.hibernate.exception.SQLExceptionConverterFactory.buildSQLExceptionConverter(SQLExceptionConverterFactory.java:52)
	at org.hibernate.cfg.SettingsFactory.buildSettings(SettingsFactory.java:246)
	at org.hibernate.cfg.Configuration.buildSettings(Configuration.java:1463)
	at org.hibernate.cfg.Configuration.buildSessionFactory(Configuration.java:1004)
	at org.springframework.orm.hibernate3.LocalSessionFactoryBean.newSessionFactory(LocalSessionFactoryBean.java:805)
	at org.springframework.orm.hibernate3.LocalSessionFactoryBean.buildSessionFactory(LocalSessionFactoryBean.java:745)
	at org.springframework.orm.hibernate3.AbstractSessionFactoryBean.afterPropertiesSet(AbstractSessionFactoryBean.java:134)
	at org.springframework.beans.factory.support.AbstractAutowireCapableBeanFactory.invokeInitMethods(AbstractAutowireCapableBeanFactory.java:1203)
	at org.springframework.beans.factory.support.AbstractAutowireCapableBeanFactory.initializeBean(AbstractAutowireCapableBeanFactory.java:1172)
	at org.springframework.beans.factory.support.AbstractAutowireCapableBeanFactory.createBean(AbstractAutowireCapableBeanFactory.java:427)
	at org.springframework.beans.factory.support.AbstractBeanFactory$1.getObject(AbstractBeanFactory.java:249)
	at org.springframework.beans.factory.support.DefaultSingletonBeanRegistry.getSingleton(DefaultSingletonBeanRegistry.java:155)
	at org.springframework.beans.factory.support.AbstractBeanFactory.getBean(AbstractBeanFactory.java:246)
	at org.springframework.beans.factory.support.AbstractBeanFactory.getBean(AbstractBeanFactory.java:160)
	at org.springframework.beans.factory.support.DefaultListableBeanFactory.preInstantiateSingletons(DefaultListableBeanFactory.java:285)
	at org.springframework.context.support.AbstractApplicationContext.refresh(AbstractApplicationContext.java:352)
	at org.springframework.web.context.ContextLoader.createWebApplicationContext(ContextLoader.java:246)
	at org.springframework.web.context.ContextLoader.initWebApplicationContext(ContextLoader.java:189)
	at org.springframework.web.context.ContextLoaderListener.contextInitialized(ContextLoaderListener.java:49)
	at org.apache.catalina.core.StandardContext.listenerStart(StandardContext.java:3764)
	at org.apache.catalina.core.StandardContext.start(StandardContext.java:4216)
	at org.apache.catalina.core.StandardContext.reload(StandardContext.java:3025)
	at org.apache.catalina.loader.WebappLoader.backgroundProcess(WebappLoader.java:432)
	at org.apache.catalina.core.ContainerBase.backgroundProcess(ContainerBase.java:1278)
	at org.apache.catalina.core.ContainerBase$ContainerBackgroundProcessor.processChildren(ContainerBase.java:1570)
	at org.apache.catalina.core.ContainerBase$ContainerBackgroundProcessor.processChildren(ContainerBase.java:1579)
	at org.apache.catalina.core.ContainerBase$ContainerBackgroundProcessor.processChildren(ContainerBase.java:1579)
	at org.apache.catalina.core.ContainerBase$ContainerBackgroundProcessor.run(ContainerBase.java:1559)
	at java.lang.Thread.run(Thread.java:619)
11:52:48,785 ERROR [jsp] - Servlet.service() for servlet jsp threw exception
org.apache.jasper.JasperException: /login.jsp(21,58) Unterminated &lt;c:out tag
	at org.apache.jasper.compiler.DefaultErrorHandler.jspError(DefaultErrorHandler.java:40)
	at org.apache.jasper.compiler.ErrorDispatcher.dispatch(ErrorDispatcher.java:407)
	at org.apache.jasper.compiler.ErrorDispatcher.jspError(ErrorDispatcher.java:132)
	at org.apache.jasper.compiler.Parser.parseOptionalBody(Parser.java:1059)
	at org.apache.jasper.compiler.Parser.parseCustomTag(Parser.java:1378)
	at org.apache.jasper.compiler.Parser.parseElements(Parser.java:1578)
	at org.apache.jasper.compiler.Parser.parseBody(Parser.java:1807)
	at org.apache.jasper.compiler.Parser.parseOptionalBody(Parser.java:1070)
	at org.apache.jasper.compiler.Parser.parseCustomTag(Parser.java:1378)
	at org.apache.jasper.compiler.Parser.parseElements(Parser.java:1578)
	at org.apache.jasper.compiler.Parser.parse(Parser.java:127)
	at org.apache.jasper.compiler.ParserController.doParse(ParserController.java:212)
	at org.apache.jasper.compiler.ParserController.parse(ParserController.java:101)
	at org.apache.jasper.compiler.Compiler.generateJava(Compiler.java:156)
	at org.apache.jasper.compiler.Compiler.compile(Compiler.java:296)
	at org.apache.jasper.compiler.Compiler.compile(Compiler.java:277)
	at org.apache.jasper.compiler.Compiler.compile(Compiler.java:265)
	at org.apache.jasper.JspCompilationContext.compile(JspCompilationContext.java:564)
	at org.apache.jasper.servlet.JspServletWrapper.service(JspServletWrapper.java:299)
	at org.apache.jasper.servlet.JspServlet.serviceJspFile(JspServlet.java:315)
	at org.apache.jasper.servlet.JspServlet.service(JspServlet.java:265)
	at javax.servlet.http.HttpServlet.service(HttpServlet.java:860)
	at org.apache.catalina.core.ApplicationFilterChain.internalDoFilter(ApplicationFilterChain.java:269)
	at org.apache.catalina.core.ApplicationFilterChain.doFilter(ApplicationFilterChain.java:188)
	at org.springframework.security.util.FilterChainProxy$VirtualFilterChain.doFilter(FilterChainProxy.java:378)
	at org.springframework.security.intercept.web.FilterSecurityInterceptor.invoke(FilterSecurityInterceptor.java:109)
	at org.springframework.security.intercept.web.FilterSecurityInterceptor.doFilter(FilterSecurityInterceptor.java:83)
	at org.springframework.security.util.FilterChainProxy$VirtualFilterChain.doFilter(FilterChainProxy.java:390)
	at org.springframework.security.ui.SessionFixationProtectionFilter.doFilterHttp(SessionFixationProtectionFilter.java:67)
	at org.springframework.security.ui.SpringSecurityFilter.doFilter(SpringSecurityFilter.java:53)
	at org.springframework.security.util.FilterChainProxy$VirtualFilterChain.doFilter(FilterChainProxy.java:390)
	at org.springframework.security.ui.ExceptionTranslationFilter.doFilterHttp(ExceptionTranslationFilter.java:101)
	at org.springframework.security.ui.SpringSecurityFilter.doFilter(SpringSecurityFilter.java:53)
	at org.springframework.security.util.FilterChainProxy$VirtualFilterChain.doFilter(FilterChainProxy.java:390)
	at org.springframework.security.providers.anonymous.AnonymousProcessingFilter.doFilterHttp(AnonymousProcessingFilter.java:105)
	at org.springframework.security.ui.SpringSecurityFilter.doFilter(SpringSecurityFilter.java:53)
	at org.springframework.security.util.FilterChainProxy$VirtualFilterChain.doFilter(FilterChainProxy.java:390)
	at org.springframework.security.wrapper.SecurityContextHolderAwareRequestFilter.doFilterHttp(SecurityContextHolderAwareRequestFilter.java:91)
	at org.springframework.security.ui.SpringSecurityFilter.doFilter(SpringSecurityFilter.java:53)
	at org.springframework.security.util.FilterChainProxy$VirtualFilterChain.doFilter(FilterChainProxy.java:390)
	at org.springframework.security.ui.AbstractProcessingFilter.doFilterHttp(AbstractProcessingFilter.java:278)
	at org.springframework.security.ui.SpringSecurityFilter.doFilter(SpringSecurityFilter.java:53)
	at org.springframework.security.util.FilterChainProxy$VirtualFilterChain.doFilter(FilterChainProxy.java:390)
	at org.springframework.security.ui.logout.LogoutFilter.doFilterHttp(LogoutFilter.java:89)
	at org.springframework.security.ui.SpringSecurityFilter.doFilter(SpringSecurityFilter.java:53)
	at org.springframework.security.util.FilterChainProxy$VirtualFilterChain.doFilter(FilterChainProxy.java:390)
	at org.springframework.security.context.HttpSessionContextIntegrationFilter.doFilterHttp(HttpSessionContextIntegrationFilter.java:235)
	at org.springframework.security.ui.SpringSecurityFilter.doFilter(SpringSecurityFilter.java:53)
	at org.springframework.security.util.FilterChainProxy$VirtualFilterChain.doFilter(FilterChainProxy.java:390)
	at org.springframework.security.util.FilterChainProxy.doFilter(FilterChainProxy.java:175)
	at org.springframework.web.filter.DelegatingFilterProxy.invokeDelegate(DelegatingFilterProxy.java:183)
	at org.springframework.web.filter.DelegatingFilterProxy.doFilter(DelegatingFilterProxy.java:138)
	at org.apache.catalina.core.ApplicationFilterChain.internalDoFilter(ApplicationFilterChain.java:215)
	at org.apache.catalina.core.ApplicationFilterChain.doFilter(ApplicationFilterChain.java:188)
	at org.apache.catalina.core.StandardWrapperValve.invoke(StandardWrapperValve.java:210)
	at org.apache.catalina.core.StandardContextValve.invoke(StandardContextValve.java:174)
	at org.apache.catalina.core.StandardHostValve.invoke(StandardHostValve.java:127)
	at org.apache.catalina.valves.ErrorReportValve.invoke(ErrorReportValve.java:117)
	at org.apache.catalina.core.StandardEngineValve.invoke(StandardEngineValve.java:108)
	at org.apache.catalina.connector.CoyoteAdapter.service(CoyoteAdapter.java:151)
	at org.apache.coyote.http11.Http11Processor.process(Http11Processor.java:870)
	at org.apache.coyote.http11.Http11BaseProtocol$Http11ConnectionHandler.processConnection(Http11BaseProtocol.java:665)
	at org.apache.tomcat.util.net.PoolTcpEndpoint.processSocket(PoolTcpEndpoint.java:528)
	at org.apache.tomcat.util.net.LeaderFollowerWorkerThread.runIt(LeaderFollowerWorkerThread.java:81)
	at org.apache.tomcat.util.threads.ThreadPool$ControlRunnable.run(ThreadPool.java:685)
	at java.lang.Thread.run(Thread.java:619)
11:53:32,442 ERROR [jsp] - Servlet.service() for servlet jsp threw exception
org.apache.jasper.JasperException: /login.jsp(18,3) According to TLD or attribute directive in tag file, attribute test does not accept any expressions
	at org.apache.jasper.compiler.DefaultErrorHandler.jspError(DefaultErrorHandler.java:40)
	at org.apache.jasper.compiler.ErrorDispatcher.dispatch(ErrorDispatcher.java:407)
	at org.apache.jasper.compiler.ErrorDispatcher.jspError(ErrorDispatcher.java:148)
	at org.apache.jasper.compiler.Validator$ValidateVisitor.checkXmlAttributes(Validator.java:952)
	at org.apache.jasper.compiler.Validator$ValidateVisitor.visit(Validator.java:706)
	at org.apache.jasper.compiler.Node$CustomTag.accept(Node.java:1442)
	at org.apache.jasper.compiler.Node$Nodes.visit(Node.java:2164)
	at org.apache.jasper.compiler.Node$Visitor.visitBody(Node.java:2214)
	at org.apache.jasper.compiler.Node$Visitor.visit(Node.java:2220)
	at org.apache.jasper.compiler.Node$Root.accept(Node.java:457)
	at org.apache.jasper.compiler.Node$Nodes.visit(Node.java:2164)
	at org.apache.jasper.compiler.Validator.validate(Validator.java:1484)
	at org.apache.jasper.compiler.Compiler.generateJava(Compiler.java:167)
	at org.apache.jasper.compiler.Compiler.compile(Compiler.java:296)
	at org.apache.jasper.compiler.Compiler.compile(Compiler.java:277)
	at org.apache.jasper.compiler.Compiler.compile(Compiler.java:265)
	at org.apache.jasper.JspCompilationContext.compile(JspCompilationContext.java:564)
	at org.apache.jasper.servlet.JspServletWrapper.service(JspServletWrapper.java:299)
	at org.apache.jasper.servlet.JspServlet.serviceJspFile(JspServlet.java:315)
	at org.apache.jasper.servlet.JspServlet.service(JspServlet.java:265)
	at javax.servlet.http.HttpServlet.service(HttpServlet.java:860)
	at org.apache.catalina.core.ApplicationFilterChain.internalDoFilter(ApplicationFilterChain.java:269)
	at org.apache.catalina.core.ApplicationFilterChain.doFilter(ApplicationFilterChain.java:188)
	at org.springframework.security.util.FilterChainProxy$VirtualFilterChain.doFilter(FilterChainProxy.java:378)
	at org.springframework.security.intercept.web.FilterSecurityInterceptor.invoke(FilterSecurityInterceptor.java:109)
	at org.springframework.security.intercept.web.FilterSecurityInterceptor.doFilter(FilterSecurityInterceptor.java:83)
	at org.springframework.security.util.FilterChainProxy$VirtualFilterChain.doFilter(FilterChainProxy.java:390)
	at org.springframework.security.ui.SessionFixationProtectionFilter.doFilterHttp(SessionFixationProtectionFilter.java:67)
	at org.springframework.security.ui.SpringSecurityFilter.doFilter(SpringSecurityFilter.java:53)
	at org.springframework.security.util.FilterChainProxy$VirtualFilterChain.doFilter(FilterChainProxy.java:390)
	at org.springframework.security.ui.ExceptionTranslationFilter.doFilterHttp(ExceptionTranslationFilter.java:101)
	at org.springframework.security.ui.SpringSecurityFilter.doFilter(SpringSecurityFilter.java:53)
	at org.springframework.security.util.FilterChainProxy$VirtualFilterChain.doFilter(FilterChainProxy.java:390)
	at org.springframework.security.providers.anonymous.AnonymousProcessingFilter.doFilterHttp(AnonymousProcessingFilter.java:105)
	at org.springframework.security.ui.SpringSecurityFilter.doFilter(SpringSecurityFilter.java:53)
	at org.springframework.security.util.FilterChainProxy$VirtualFilterChain.doFilter(FilterChainProxy.java:390)
	at org.springframework.security.wrapper.SecurityContextHolderAwareRequestFilter.doFilterHttp(SecurityContextHolderAwareRequestFilter.java:91)
	at org.springframework.security.ui.SpringSecurityFilter.doFilter(SpringSecurityFilter.java:53)
	at org.springframework.security.util.FilterChainProxy$VirtualFilterChain.doFilter(FilterChainProxy.java:390)
	at org.springframework.security.ui.AbstractProcessingFilter.doFilterHttp(AbstractProcessingFilter.java:278)
	at org.springframework.security.ui.SpringSecurityFilter.doFilter(SpringSecurityFilter.java:53)
	at org.springframework.security.util.FilterChainProxy$VirtualFilterChain.doFilter(FilterChainProxy.java:390)
	at org.springframework.security.ui.logout.LogoutFilter.doFilterHttp(LogoutFilter.java:89)
	at org.springframework.security.ui.SpringSecurityFilter.doFilter(SpringSecurityFilter.java:53)
	at org.springframework.security.util.FilterChainProxy$VirtualFilterChain.doFilter(FilterChainProxy.java:390)
	at org.springframework.security.context.HttpSessionContextIntegrationFilter.doFilterHttp(HttpSessionContextIntegrationFilter.java:235)
	at org.springframework.security.ui.SpringSecurityFilter.doFilter(SpringSecurityFilter.java:53)
	at org.springframework.security.util.FilterChainProxy$VirtualFilterChain.doFilter(FilterChainProxy.java:390)
	at org.springframework.security.util.FilterChainProxy.doFilter(FilterChainProxy.java:175)
	at org.springframework.web.filter.DelegatingFilterProxy.invokeDelegate(DelegatingFilterProxy.java:183)
	at org.springframework.web.filter.DelegatingFilterProxy.doFilter(DelegatingFilterProxy.java:138)
	at org.apache.catalina.core.ApplicationFilterChain.internalDoFilter(ApplicationFilterChain.java:215)
	at org.apache.catalina.core.ApplicationFilterChain.doFilter(ApplicationFilterChain.java:188)
	at org.apache.catalina.core.StandardWrapperValve.invoke(StandardWrapperValve.java:210)
	at org.apache.catalina.core.StandardContextValve.invoke(StandardContextValve.java:174)
	at org.apache.catalina.core.StandardHostValve.invoke(StandardHostValve.java:127)
	at org.apache.catalina.valves.ErrorReportValve.invoke(ErrorReportValve.java:117)
	at org.apache.catalina.core.StandardEngineValve.invoke(StandardEngineValve.java:108)
	at org.apache.catalina.connector.CoyoteAdapter.service(CoyoteAdapter.java:151)
	at org.apache.coyote.http11.Http11Processor.process(Http11Processor.java:870)
	at org.apache.coyote.http11.Http11BaseProtocol$Http11ConnectionHandler.processConnection(Http11BaseProtocol.java:665)
	at org.apache.tomcat.util.net.PoolTcpEndpoint.processSocket(PoolTcpEndpoint.java:528)
	at org.apache.tomcat.util.net.LeaderFollowerWorkerThread.runIt(LeaderFollowerWorkerThread.java:81)
	at org.apache.tomcat.util.threads.ThreadPool$ControlRunnable.run(ThreadPool.java:685)
	at java.lang.Thread.run(Thread.java:619)
11:54:38,676 ERROR [jsp] - Servlet.service() for servlet jsp threw exception
org.apache.jasper.JasperException: /login.jsp(18,15) quote symbol expected
	at org.apache.jasper.compiler.DefaultErrorHandler.jspError(DefaultErrorHandler.java:40)
	at org.apache.jasper.compiler.ErrorDispatcher.dispatch(ErrorDispatcher.java:407)
	at org.apache.jasper.compiler.ErrorDispatcher.jspError(ErrorDispatcher.java:88)
	at org.apache.jasper.compiler.Parser.parseAttribute(Parser.java:199)
	at org.apache.jasper.compiler.Parser.parseAttributes(Parser.java:144)
	at org.apache.jasper.compiler.Parser.parseCustomTag(Parser.java:1339)
	at org.apache.jasper.compiler.Parser.parseElements(Parser.java:1578)
	at org.apache.jasper.compiler.Parser.parse(Parser.java:127)
	at org.apache.jasper.compiler.ParserController.doParse(ParserController.java:212)
	at org.apache.jasper.compiler.ParserController.parse(ParserController.java:101)
	at org.apache.jasper.compiler.Compiler.generateJava(Compiler.java:156)
	at org.apache.jasper.compiler.Compiler.compile(Compiler.java:296)
	at org.apache.jasper.compiler.Compiler.compile(Compiler.java:277)
	at org.apache.jasper.compiler.Compiler.compile(Compiler.java:265)
	at org.apache.jasper.JspCompilationContext.compile(JspCompilationContext.java:564)
	at org.apache.jasper.servlet.JspServletWrapper.service(JspServletWrapper.java:299)
	at org.apache.jasper.servlet.JspServlet.serviceJspFile(JspServlet.java:315)
	at org.apache.jasper.servlet.JspServlet.service(JspServlet.java:265)
	at javax.servlet.http.HttpServlet.service(HttpServlet.java:860)
	at org.apache.catalina.core.ApplicationFilterChain.internalDoFilter(ApplicationFilterChain.java:269)
	at org.apache.catalina.core.ApplicationFilterChain.doFilter(ApplicationFilterChain.java:188)
	at org.springframework.security.util.FilterChainProxy$VirtualFilterChain.doFilter(FilterChainProxy.java:378)
	at org.springframework.security.intercept.web.FilterSecurityInterceptor.invoke(FilterSecurityInterceptor.java:109)
	at org.springframework.security.intercept.web.FilterSecurityInterceptor.doFilter(FilterSecurityInterceptor.java:83)
	at org.springframework.security.util.FilterChainProxy$VirtualFilterChain.doFilter(FilterChainProxy.java:390)
	at org.springframework.security.ui.SessionFixationProtectionFilter.doFilterHttp(SessionFixationProtectionFilter.java:67)
	at org.springframework.security.ui.SpringSecurityFilter.doFilter(SpringSecurityFilter.java:53)
	at org.springframework.security.util.FilterChainProxy$VirtualFilterChain.doFilter(FilterChainProxy.java:390)
	at org.springframework.security.ui.ExceptionTranslationFilter.doFilterHttp(ExceptionTranslationFilter.java:101)
	at org.springframework.security.ui.SpringSecurityFilter.doFilter(SpringSecurityFilter.java:53)
	at org.springframework.security.util.FilterChainProxy$VirtualFilterChain.doFilter(FilterChainProxy.java:390)
	at org.springframework.security.providers.anonymous.AnonymousProcessingFilter.doFilterHttp(AnonymousProcessingFilter.java:105)
	at org.springframework.security.ui.SpringSecurityFilter.doFilter(SpringSecurityFilter.java:53)
	at org.springframework.security.util.FilterChainProxy$VirtualFilterChain.doFilter(FilterChainProxy.java:390)
	at org.springframework.security.wrapper.SecurityContextHolderAwareRequestFilter.doFilterHttp(SecurityContextHolderAwareRequestFilter.java:91)
	at org.springframework.security.ui.SpringSecurityFilter.doFilter(SpringSecurityFilter.java:53)
	at org.springframework.security.util.FilterChainProxy$VirtualFilterChain.doFilter(FilterChainProxy.java:390)
	at org.springframework.security.ui.AbstractProcessingFilter.doFilterHttp(AbstractProcessingFilter.java:278)
	at org.springframework.security.ui.SpringSecurityFilter.doFilter(SpringSecurityFilter.java:53)
	at org.springframework.security.util.FilterChainProxy$VirtualFilterChain.doFilter(FilterChainProxy.java:390)
	at org.springframework.security.ui.logout.LogoutFilter.doFilterHttp(LogoutFilter.java:89)
	at org.springframework.security.ui.SpringSecurityFilter.doFilter(SpringSecurityFilter.java:53)
	at org.springframework.security.util.FilterChainProxy$VirtualFilterChain.doFilter(FilterChainProxy.java:390)
	at org.springframework.security.context.HttpSessionContextIntegrationFilter.doFilterHttp(HttpSessionContextIntegrationFilter.java:235)
	at org.springframework.security.ui.SpringSecurityFilter.doFilter(SpringSecurityFilter.java:53)
	at org.springframework.security.util.FilterChainProxy$VirtualFilterChain.doFilter(FilterChainProxy.java:390)
	at org.springframework.security.util.FilterChainProxy.doFilter(FilterChainProxy.java:175)
	at org.springframework.web.filter.DelegatingFilterProxy.invokeDelegate(DelegatingFilterProxy.java:183)
	at org.springframework.web.filter.DelegatingFilterProxy.doFilter(DelegatingFilterProxy.java:138)
	at org.apache.catalina.core.ApplicationFilterChain.internalDoFilter(ApplicationFilterChain.java:215)
	at org.apache.catalina.core.ApplicationFilterChain.doFilter(ApplicationFilterChain.java:188)
	at org.apache.catalina.core.StandardWrapperValve.invoke(StandardWrapperValve.java:210)
	at org.apache.catalina.core.StandardContextValve.invoke(StandardContextValve.java:174)
	at org.apache.catalina.core.StandardHostValve.invoke(StandardHostValve.java:127)
	at org.apache.catalina.valves.ErrorReportValve.invoke(ErrorReportValve.java:117)
	at org.apache.catalina.core.StandardEngineValve.invoke(StandardEngineValve.java:108)
	at org.apache.catalina.connector.CoyoteAdapter.service(CoyoteAdapter.java:151)
	at org.apache.coyote.http11.Http11Processor.process(Http11Processor.java:870)
	at org.apache.coyote.http11.Http11BaseProtocol$Http11ConnectionHandler.processConnection(Http11BaseProtocol.java:665)
	at org.apache.tomcat.util.net.PoolTcpEndpoint.processSocket(PoolTcpEndpoint.java:528)
	at org.apache.tomcat.util.net.LeaderFollowerWorkerThread.runIt(LeaderFollowerWorkerThread.java:81)
	at org.apache.tomcat.util.threads.ThreadPool$ControlRunnable.run(ThreadPool.java:685)
	at java.lang.Thread.run(Thread.java:619)
12:01:45,387 DEBUG EmployeeUpdateFormController - Displaying new form
12:01:45,387  INFO EmployeeUpdateFormController - Method that executes before getting to Jsp
12:01:45,387  INFO EmployeeUpdateFormController - Updating local.js in all the 3 places
12:02:06,640  INFO EmployeeUpdateFormController - Getting all the building and their corresponding rooms information to fill in the form
12:02:06,640  INFO EmployeeUpdateFormController - Start getAllBuildings
12:02:06,936  INFO EmployeeUpdateFormController - getAllBuildings Success
12:02:06,936  INFO EmployeeUpdateFormController - Start of while loop for getAllRoomsFromLocationByBuildingId for each building
12:02:08,030  INFO EmployeeUpdateFormController - End of while loop for getAllRoomsFromLocationByBuildingId for each building
12:02:08,030  INFO EmployeeUpdateFormController - employeeUsername: null
12:02:08,030  INFO EmployeeUpdateFormController - supervisorUsername: null
